Wed Jul 11 16:08:23 UTC 2018
Instalando pre requisitos
Reading package lists...
Building dependency tree...
Reading state information...
iotop is already the newest version.
0 upgraded, 0 newly installed, 0 to remove and 0 not upgraded.
Reading package lists...
Building dependency tree...
Reading state information...
unzip is already the newest version.
0 upgraded, 0 newly installed, 0 to remove and 0 not upgraded.
Reading package lists...
Building dependency tree...
Reading state information...
iftop is already the newest version.
0 upgraded, 0 newly installed, 0 to remove and 0 not upgraded.
sed: can't read /etc/yum.repos.d/epel.repo: No such file or directory
sudo: yum: command not found
sudo: yum: command not found
sudo: yum: command not found
sudo: yum: command not found
Baixando arquivos do portal da transparência\n
\nBaixando 201301.zip
\nBaixando 201302.zip
\nBaixando 201303.zip
\nBaixando 201304.zip
\nBaixando 201305.zip
\nBaixando 201306.zip
\nBaixando 201307.zip
\nBaixando 201308.zip
\nBaixando 201309.zip
\nBaixando 201310.zip
\nBaixando 201311.zip
\nBaixando 201312.zip
\nBaixando 201401.zip
\nBaixando 201402.zip
\nBaixando 201403.zip
\nBaixando 201404.zip
\nBaixando 201405.zip
\nBaixando 201406.zip
\nBaixando 201407.zip
\nBaixando 201408.zip
\nBaixando 201409.zip
\nBaixando 201410.zip
\nBaixando 201411.zip
\nBaixando 201412.zip
\nBaixando 201501.zip
\nBaixando 201502.zip
\nBaixando 201503.zip
\nBaixando 201504.zip
\nBaixando 201505.zip
\nBaixando 201506.zip
\nBaixando 201507.zip
\nBaixando 201508.zip
\nBaixando 201509.zip
\nBaixando 201510.zip
\nBaixando 201511.zip
\nBaixando 201512.zip
\nBaixando 201601.zip
\nBaixando 201602.zip
\nBaixando 201603.zip
\nBaixando 201604.zip
\nBaixando 201605.zip
\nBaixando 201606.zip
\nBaixando 201607.zip
\nBaixando 201608.zip
\nBaixando 201609.zip
\nBaixando 201610.zip
\nBaixando 201611.zip
\nBaixando 201612.zip
\nBaixando 201701.zip
\nBaixando 201702.zip
\nBaixando 201703.zip
\nBaixando 201704.zip
\nBaixando 201705.zip
\nBaixando 201706.zip
\nBaixando 201707.zip
\nBaixando 201708.zip
\nBaixando 201709.zip
\nBaixando 201710.zip
\nBaixando 201711.zip
\nBaixando 201712.zip
\nBaixando 201801.zip
\nBaixando 201802.zip
\nBaixando 201803.zip
\nBaixando 201804.zip
\nBaixando 201805.zip
\nBaixando 201806.zip
\nBaixando 201807.zip
\nBaixando 201808.zip
\nBaixando 201809.zip
\nBaixando 201810.zip
\nBaixando 201811.zip
\nBaixando 201812.zip
Aguardando
Verificando processos ativos...
6821
6825
6829
6833
6837
6841
6845
6849
6853
6857
6861
6865
6869
6873
6877
6881
6885
6889
6893
6897
6901
6905
6909
6913
6917
6921
6925
6929
6936
6940
6944
6948
6952
6956
6960
6964
6968
6972
6976
6980
6984
6988
6992
6996
7000
7004
7008
7012
7016
7020
7024
7028
7032
7036
7040
7044
7048
7052
7056
7060
7064
7068
7072
7076
7080
7084
7088
7092
7096
7100
7104
7108
.
Verificando processos ativos...
6821
6825
6829
6833
6837
6841
6845
6849
6853
6857
6861
6865
6869
6873
6877
6881
6885
6889
6893
6897
6901
6905
6909
6913
6917
6921
6925
6929
6936
6940
6944
6948
6952
6956
6960
6964
6968
6972
6976
6980
6984
6988
6992
6996
7000
7004
7008
7012
7016
7020
7024
7028
7032
7036
7040
7044
7048
7052
7056
7060
7064
7068
7072
7076
.
Verificando processos ativos...
6821
6825
6829
6833
6837
6841
6845
6849
6853
6857
6861
6865
6869
6873
6877
6881
6885
6889
6893
6897
6901
6905
6909
6913
6917
6921
6925
6929
6936
6940
6944
6948
6952
6956
6960
6964
6968
6972
6976
6980
6984
6988
6992
6996
7000
7004
7008
7012
7016
7020
7024
7028
7032
7036
7040
7044
7048
7052
7056
7060
7064
7068
7072
7076
.
Verificando processos ativos...
6821
6825
6829
6833
6837
6841
6845
6849
6853
6857
6861
6865
6869
6873
6877
6881
6885
6889
6893
6897
6901
6905
6909
6913
6917
6921
6925
6929
6936
6940
6944
6948
6952
6956
6960
6964
6968
6972
6976
6980
6984
6988
6992
6996
7000
7004
7008
7012
7016
7020
7024
7028
7032
7036
7040
7044
7048
7052
7056
7060
7064
7068
7072
7076
.
Verificando processos ativos...
6821
6825
6829
6833
6837
6841
6845
6849
6853
6857
6861
6865
6869
6873
6877
6881
6885
6889
6893
6897
6901
6905
6909
6913
6917
6921
6925
6929
6936
6940
6944
6948
6952
6956
6960
6964
6968
6972
6976
6980
6984
6988
6992
6996
7000
7004
7008
7012
7016
7020
7024
7028
7032
7036
7040
7044
7048
7052
7056
7060
7064
7068
7072
7076
.
Verificando processos ativos...
6821
6825
6829
6833
6837
6841
6845
6849
6853
6857
6861
6865
6869
6873
6877
6881
6885
6889
6893
6897
6901
6905
6909
6913
6917
6921
6925
6929
6936
6940
6944
6948
6952
6956
6960
6964
6968
6972
6976
6980
6984
6988
6992
6996
7000
7004
7008
7012
7016
7020
7024
7028
7032
7036
7040
7044
7048
7052
7056
7060
7064
7068
7072
7076
.
Verificando processos ativos...
6821
6825
6829
6833
6837
6841
6845
6849
6853
6857
6861
6865
6869
6873
6877
6881
6885
6889
6893
6897
6901
6905
6909
6913
6917
6921
6925
6929
6936
6940
6944
6948
6952
6956
6960
6964
6968
6972
6976
6980
6984
6988
6992
6996
7000
7004
7008
7012
7016
7020
7024
7028
7032
7036
7040
7044
7048
7052
7056
7060
7064
7068
7072
7076
.
Verificando processos ativos...
6821
6825
6829
6833
6837
6841
6845
6849
6853
6857
6861
6865
6869
6873
6877
6881
6885
6889
6893
6897
6901
6905
6909
6913
6917
6921
6925
6929
6936
6940
6944
6948
6952
6956
6960
6964
6968
6972
6976
6980
6984
6988
6992
6996
7000
7004
7008
7012
7016
7020
7024
7028
7032
7036
7040
7044
7048
7052
7056
7060
7064
7068
7072
7076
.
Verificando processos ativos...
6821
6825
6829
6833
6837
6841
6845
6849
6853
6857
6861
6865
6869
6873
6877
6881
6885
6889
6893
6897
6901
6905
6909
6913
6917
6921
6925
6929
6936
6940
6944
6948
6952
6956
6960
6964
6968
6972
6976
6980
6984
6988
6992
6996
7000
7004
7008
7012
7016
7020
7024
7028
7032
7036
7040
7044
7048
7052
7056
7060
7064
7068
7072
7076
.
Verificando processos ativos...
6821
6825
6829
6833
6837
6841
6845
6849
6853
6857
6861
6865
6869
6873
6877
6881
6885
6889
6893
6897
6901
6905
6909
6913
6917
6921
6925
6929
6936
6940
6944
6948
6952
6956
6960
6964
6968
6972
6976
6980
6984
6988
6992
6996
7000
7004
7008
7012
7016
7020
7024
7028
7032
7036
7040
7044
7048
7052
7056
7060
7064
7068
7072
7076
.
Verificando processos ativos...
6821
6825
6829
6833
6837
6841
6845
6849
6853
6857
6861
6865
6869
6873
6877
6881
6885
6889
6893
6897
6901
6905
6909
6913
6917
6921
6925
6929
6936
6940
6944
6948
6952
6956
6960
6964
6968
6972
6976
6980
6984
6988
6992
6996
7000
7004
7008
7012
7016
7020
7024
7028
7032
7036
7040
7044
7048
7052
7056
7060
7064
7068
7072
7076
.
Verificando processos ativos...
6821
6825
6829
6833
6837
6841
6845
6849
6853
6857
6861
6865
6869
6873
6877
6881
6885
6889
6893
6897
6901
6905
6909
6913
6917
6921
6925
6929
6936
6940
6944
6948
6952
6956
6960
6964
6968
6972
6976
6980
6984
6988
6992
6996
7000
7004
7008
7012
7016
7020
7024
7028
7032
7036
7040
7044
7048
7052
7056
7060
7064
7068
7072
7076
.
Verificando processos ativos...
6821
6825
6829
6833
6837
6841
6845
6849
6853
6857
6861
6865
6869
6873
6877
6881
6885
6889
6893
6897
6901
6905
6909
6913
6917
6921
6925
6929
6936
6940
6944
6948
6952
6956
6960
6964
6968
6972
6976
6980
6984
6988
6992
6996
7000
7004
7008
7012
7016
7020
7024
7028
7032
7036
7040
7044
7048
7052
7056
7060
7064
7068
7072
7076
.
Verificando processos ativos...
6821
6825
6829
6833
6837
6841
6845
6849
6853
6857
6861
6865
6869
6873
6877
6881
6885
6889
6893
6897
6901
6905
6909
6913
6917
6921
6925
6929
6936
6940
6944
6948
6952
6956
6960
6964
6968
6972
6976
6980
6984
6988
6992
6996
7000
7004
7008
7012
7016
7020
7024
7028
7032
7036
7040
7044
7048
7052
7056
7060
7064
7068
7072
7076
.
Verificando processos ativos...
6821
6825
6829
6833
6837
6841
6845
6849
6853
6857
6861
6865
6869
6873
6877
6881
6885
6889
6893
6897
6901
6905
6909
6913
6917
6921
6925
6929
6936
6940
6944
6948
6952
6956
6960
6964
6968
6972
6976
6980
6984
6988
6992
6996
7000
7004
7008
7012
7016
7020
7024
7028
7032
7036
7040
7044
7048
7052
7056
7060
7064
7068
7072
7076
.
Verificando processos ativos...
6821
6825
6829
6833
6837
6841
6845
6849
6853
6857
6861
6865
6869
6873
6877
6881
6885
6889
6893
6897
6901
6905
6909
6913
6917
6921
6925
6929
6936
6940
6944
6948
6952
6956
6960
6964
6968
6972
6976
6980
6984
6988
6992
6996
7000
7004
7008
7012
7016
7020
7024
7028
7032
7036
7040
7044
7048
7052
7056
7060
7064
7068
7072
7076
.
Verificando processos ativos...
6821
6825
6829
6833
6837
6841
6845
6849
6853
6857
6861
6865
6869
6873
6877
6881
6885
6889
6893
6897
6901
6905
6909
6913
6917
6921
6925
6929
6936
6940
6944
6948
6952
6956
6960
6964
6968
6972
6976
6980
6984
6988
6992
6996
7000
7004
7008
7012
7016
7020
7024
7028
7032
7036
7040
7044
7048
7052
7056
7060
7064
7068
7072
7076
.
Verificando processos ativos...
6821
6825
6829
6833
6837
6841
6845
6849
6853
6857
6861
6865
6869
6873
6877
6881
6885
6889
6893
6897
6901
6905
6909
6913
6917
6921
6925
6929
6936
6940
6944
6948
6952
6956
6960
6964
6968
6972
6976
6980
6984
6988
6992
6996
7000
7004
7008
7012
7016
7020
7024
7028
7032
7036
7040
7044
7048
7052
7056
7060
7064
7068
7072
7076
.
Verificando processos ativos...
6821
6825
6829
6833
6837
6841
6845
6849
6853
6857
6861
6865
6869
6873
6877
6881
6885
6889
6893
6897
6901
6905
6909
6913
6917
6921
6925
6929
6936
6940
6944
6948
6952
6956
6960
6964
6968
6972
6976
6980
6984
6988
6992
6996
7000
7004
7008
7012
7016
7020
7024
7028
7032
7036
7040
7044
7048
7052
7056
7060
7064
7068
7072
7076
.
Verificando processos ativos...
6821
6825
6829
6833
6837
6841
6845
6849
6853
6857
6861
6865
6869
6873
6877
6881
6885
6889
6893
6897
6901
6905
6909
6913
6917
6921
6925
6929
6936
6940
6944
6948
6952
6956
6960
6964
6968
6972
6976
6980
6984
6988
6992
6996
7000
7004
7008
7012
7016
7020
7024
7028
7032
7036
7040
7044
7048
7052
7056
7060
7064
7068
7072
7076
.
Verificando processos ativos...
6821
6825
6829
6833
6837
6841
6845
6849
6853
6857
6861
6865
6869
6873
6877
6881
6885
6889
6893
6897
6901
6905
6909
6913
6917
6921
6925
6929
6936
6940
6944
6948
6952
6956
6960
6964
6968
6972
6976
6980
6984
6988
6992
6996
7000
7004
7008
7012
7016
7020
7024
7028
7032
7036
7040
7044
7048
7052
7056
7060
7064
7068
7072
7076
.
Verificando processos ativos...
6821
6825
6829
6833
6837
6841
6845
6849
6853
6857
6861
6865
6869
6873
6877
6881
6885
6889
6893
6897
6901
6905
6909
6913
6917
6921
6925
6929
6936
6940
6944
6948
6952
6956
6960
6964
6968
6972
6976
6980
6984
6988
6992
6996
7000
7004
7008
7012
7016
7020
7024
7028
7032
7036
7040
7044
7048
7052
7056
7060
7064
7068
7072
7076
.
Verificando processos ativos...
6821
6825
6829
6833
6837
6841
6845
6849
6853
6857
6861
6865
6869
6873
6877
6881
6885
6889
6893
6897
6901
6905
6909
6913
6917
6921
6925
6929
6936
6940
6944
6948
6952
6956
6960
6964
6968
6972
6976
6980
6984
6988
6992
6996
7000
7004
7008
7012
7016
7020
7024
7028
7032
7036
7040
7044
7048
7052
7056
7060
7064
7068
7072
7076
.
Verificando processos ativos...
6821
6825
6829
6833
6837
6841
6845
6849
6853
6857
6861
6865
6869
6873
6877
6881
6885
6889
6893
6897
6901
6905
6909
6913
6917
6921
6925
6929
6936
6940
6944
6948
6952
6956
6960
6964
6968
6972
6976
6980
6984
6988
6992
6996
7000
7004
7008
7012
7016
7020
7024
7028
7032
7036
7040
7044
7048
7052
7056
7060
7064
7068
7072
7076
.
Verificando processos ativos...
6821
6825
6829
6833
6837
6841
6845
6849
6853
6857
6861
6865
6869
6873
6877
6881
6885
6889
6893
6897
6901
6905
6909
6913
6917
6921
6925
6929
6936
6940
6944
6948
6952
6956
6960
6964
6968
6972
6976
6980
6984
6988
6992
6996
7000
7004
7008
7012
7016
7020
7024
7028
7032
7036
7040
7044
7048
7052
7056
7060
7064
7068
7072
7076
.
Verificando processos ativos...
6821
6825
6829
6833
6837
6841
6845
6849
6853
6857
6861
6865
6869
6873
6877
6881
6885
6889
6893
6897
6901
6905
6909
6913
6917
6921
6925
6929
6936
6940
6944
6948
6952
6956
6960
6964
6968
6972
6976
6980
6984
6988
6992
6996
7000
7004
7008
7012
7016
7020
7024
7028
7032
7036
7040
7044
7048
7052
7056
7060
7064
7068
7072
7076
.
Verificando processos ativos...
6821
6825
6829
6833
6837
6841
6845
6849
6853
6857
6861
6865
6869
6873
6877
6881
6885
6889
6893
6897
6901
6905
6909
6913
6917
6921
6925
6929
6936
6940
6944
6948
6952
6956
6960
6964
6968
6972
6976
6980
6984
6988
6992
6996
7000
7004
7008
7012
7016
7020
7024
7028
7032
7036
7040
7044
7048
7052
7056
7060
7064
7068
7072
7076
.
Verificando processos ativos...
6821
6825
6829
6833
6837
6841
6845
6849
6853
6857
6861
6865
6869
6873
6877
6881
6885
6889
6893
6897
6901
6905
6909
6913
6917
6921
6925
6929
6936
6940
6944
6948
6952
6956
6960
6964
6968
6972
6976
6980
6984
6988
6992
6996
7000
7004
7008
7012
7016
7020
7024
7028
7032
7036
7040
7044
7048
7052
7056
7060
7064
7068
7072
7076
.
Verificando processos ativos...
6821
6825
6829
6833
6837
6841
6845
6849
6853
6857
6861
6865
6869
6873
6877
6881
6885
6889
6893
6897
6901
6905
6909
6913
6917
6921
6925
6929
6936
6940
6944
6948
6952
6956
6960
6964
6968
6972
6976
6980
6984
6988
6992
6996
7000
7004
7008
7012
7016
7020
7024
7028
7032
7036
7040
7044
7048
7052
7056
7060
7064
7068
7072
7076
.
Verificando processos ativos...
6821
6825
6829
6833
6837
6841
6845
6849
6853
6857
6861
6865
6869
6873
6877
6881
6885
6889
6893
6897
6901
6905
6909
6913
6917
6921
6925
6929
6936
6940
6944
6948
6952
6956
6960
6964
6968
6972
6976
6980
6984
6988
6992
6996
7000
7004
7008
7012
7016
7020
7024
7028
7032
7036
7040
7044
7048
7052
7056
7060
7064
7068
7072
7076
.
Verificando processos ativos...
6821
6825
6829
6833
6837
6841
6845
6849
6853
6857
6861
6865
6869
6873
6877
6881
6885
6889
6893
6897
6901
6905
6909
6913
6917
6921
6925
6929
6936
6940
6944
6948
6952
6956
6960
6964
6968
6972
6976
6980
6984
6988
6992
6996
7000
7004
7008
7012
7016
7020
7024
7028
7032
7036
7040
7044
7048
7052
7056
7060
7064
7068
7072
7076
.
Verificando processos ativos...
6821
6825
6829
6833
6837
6841
6845
6849
6853
6857
6861
6865
6869
6873
6877
6881
6885
6889
6893
6897
6901
6905
6909
6913
6917
6921
6925
6929
6936
6940
6944
6948
6952
6956
6960
6964
6968
6972
6976
6980
6984
6988
6992
6996
7000
7004
7008
7012
7016
7020
7024
7028
7032
7036
7040
7044
7048
7052
7056
7060
7064
7068
7072
7076
.
Verificando processos ativos...
6821
6825
6829
6833
6837
6841
6845
6849
6853
6857
6861
6865
6869
6873
6877
6881
6885
6889
6893
6897
6901
6905
6909
6913
6917
6921
6925
6929
6936
6940
6944
6948
6952
6956
6960
6964
6968
6972
6976
6980
6984
6988
6992
6996
7000
7004
7008
7012
7016
7020
7024
7028
7032
7036
7040
7044
7048
7052
7056
7060
7064
7068
7072
7076
.
Verificando processos ativos...
6821
6825
6829
6833
6837
6841
6845
6849
6853
6857
6861
6865
6869
6873
6877
6881
6885
6889
6893
6897
6901
6905
6909
6913
6917
6921
6925
6929
6936
6940
6944
6948
6952
6956
6960
6964
6968
6972
6976
6980
6984
6988
6992
6996
7000
7004
7008
7012
7016
7020
7024
7028
7032
7036
7040
7044
7048
7052
7056
7060
7064
7068
7072
7076
.
Verificando processos ativos...
6821
6825
6829
6833
6837
6841
6845
6849
6853
6857
6861
6865
6869
6873
6877
6881
6885
6889
6893
6897
6901
6905
6909
6913
6917
6921
6925
6929
6936
6940
6944
6948
6952
6956
6960
6964
6968
6972
6976
6980
6984
6988
6992
6996
7000
7004
7008
7012
7016
7020
7024
7028
7032
7036
7040
7044
7048
7052
7056
7060
7064
7068
7072
7076
.
Verificando processos ativos...
6821
6825
6829
6833
6837
6841
6845
6849
6853
6857
6861
6865
6869
6873
6877
6881
6885
6889
6893
6897
6901
6905
6909
6913
6917
6921
6925
6929
6936
6940
6944
6948
6952
6956
6960
6964
6968
6972
6976
6980
6984
6988
6992
6996
7000
7004
7008
7012
7016
7020
7024
7028
7032
7036
7044
7048
7052
7056
7060
7064
7068
7072
7076
.
Verificando processos ativos...
6821
6829
6833
6837
6841
6845
6849
6853
6857
6861
6865
6869
6873
6877
6881
6885
6889
6893
6897
6901
6905
6909
6913
6917
6921
6925
6929
6936
6940
6944
6948
6952
6956
6960
6964
6968
6972
6976
6980
6984
6988
6992
6996
7000
7004
7008
7012
7016
7020
7024
7028
7044
7048
7052
7056
7060
7064
7068
7072
7076
Descompactando arquivos
\nDescompactando dados/201301.zip
\nDescompactando dados/201302.zip
\nDescompactando dados/201303.zip
\nDescompactando dados/201304.zip
\nDescompactando dados/201305.zip
\nDescompactando dados/201306.zip
\nDescompactando dados/201307.zip
\nDescompactando dados/201308.zip
\nDescompactando dados/201309.zip
\nDescompactando dados/201310.zip
\nDescompactando dados/201311.zip
\nDescompactando dados/201312.zip
\nDescompactando dados/201401.zip
\nDescompactando dados/201402.zip
\nDescompactando dados/201403.zip
\nDescompactando dados/201404.zip
\nDescompactando dados/201405.zip
\nDescompactando dados/201406.zip
\nDescompactando dados/201407.zip
\nDescompactando dados/201408.zip
\nDescompactando dados/201409.zip
\nDescompactando dados/201410.zip
\nDescompactando dados/201411.zip
\nDescompactando dados/201412.zip
\nDescompactando dados/201501.zip
\nDescompactando dados/201502.zip
\nDescompactando dados/201503.zip
\nDescompactando dados/201504.zip
\nDescompactando dados/201505.zip
\nDescompactando dados/201506.zip
\nDescompactando dados/201507.zip
\nDescompactando dados/201508.zip
\nDescompactando dados/201509.zip
\nDescompactando dados/201510.zip
\nDescompactando dados/201511.zip
\nDescompactando dados/201512.zip
\nDescompactando dados/201601.zip
Archive:  dados/201511.zip
Archive:  dados/201510.zip
Archive:  dados/201601.zip
Archive:  dados/201512.zip
Archive:  dados/201509.zip
Archive:  dados/201402.zip
Archive:  dados/201305.zip
Archive:  dados/201301.zip
Archive:  dados/201508.zip
Archive:  dados/201308.zip
Archive:  dados/201310.zip
Archive:  dados/201401.zip
Archive:  dados/201507.zip
Archive:  dados/201311.zip
Archive:  dados/201312.zip
Archive:  dados/201309.zip
Archive:  dados/201506.zip
Archive:  dados/201404.zip
Archive:  dados/201303.zip
Archive:  dados/201412.zip
Archive:  dados/201505.zip
Archive:  dados/201405.zip
Archive:  dados/201306.zip
Archive:  dados/201307.zip
Archive:  dados/201504.zip
Archive:  dados/201407.zip
Archive:  dados/201304.zip
Archive:  dados/201503.zip
Archive:  dados/201409.zip
Archive:  dados/201410.zip
\nDescompactando dados/201602.zip
Archive:  dados/201501.zip
Archive:  dados/201408.zip
Archive:  dados/201411.zip
Archive:  dados/201403.zip
Archive:  dados/201602.zip
Archive:  dados/201302.zip
Archive:  dados/201502.zip
Archive:  dados/201406.zip
  inflating: dados/201512_BolsaFamilia_Pagamentos.csv    inflating: dados/201511_BolsaFamilia_Pagamentos.csv    inflating: dados/201402_BolsaFamilia_Pagamentos.csv    inflating: dados/201310_BolsaFamilia_Pagamentos.csv  \nDescompactando dados/201603.zip
  inflating: dados/201509_BolsaFamilia_Pagamentos.csv    inflating: dados/201305_BolsaFamilia_Pagamentos.csv    inflating: dados/201510_BolsaFamilia_Pagamentos.csv    inflating: dados/201312_BolsaFamilia_Pagamentos.csv    inflating: dados/201311_BolsaFamilia_Pagamentos.csv    inflating: dados/201401_BolsaFamilia_Pagamentos.csv    inflating: dados/201508_BolsaFamilia_Pagamentos.csv    inflating: dados/201403_BolsaFamilia_Pagamentos.csv  Archive:  dados/201603.zip
  inflating: dados/201506_BolsaFamilia_Pagamentos.csv    inflating: dados/201301_BolsaFamilia_Pagamentos.csv    inflating: dados/201601_BolsaFamilia_Pagamentos.csv    inflating: dados/201408_BolsaFamilia_Pagamentos.csv    inflating: dados/201307_BolsaFamilia_Pagamentos.csv    inflating: dados/201302_BolsaFamilia_Pagamentos.csv    inflating: dados/201407_BolsaFamilia_Pagamentos.csv    inflating: dados/201406_BolsaFamilia_Pagamentos.csv    inflating: dados/201412_BolsaFamilia_Pagamentos.csv    inflating: dados/201303_BolsaFamilia_Pagamentos.csv    inflating: dados/201404_BolsaFamilia_Pagamentos.csv    inflating: dados/201503_BolsaFamilia_Pagamentos.csv    inflating: dados/201410_BolsaFamilia_Pagamentos.csv    inflating: dados/201308_BolsaFamilia_Pagamentos.csv    inflating: dados/201505_BolsaFamilia_Pagamentos.csv    inflating: dados/201501_BolsaFamilia_Pagamentos.csv    inflating: dados/201603_BolsaFamilia_Pagamentos.csv    inflating: dados/201409_BolsaFamilia_Pagamentos.csv    inflating: dados/201309_BolsaFamilia_Pagamentos.csv    inflating: dados/201304_BolsaFamilia_Pagamentos.csv    inflating: dados/201507_BolsaFamilia_Pagamentos.csv    inflating: dados/201504_BolsaFamilia_Pagamentos.csv    inflating: dados/201502_BolsaFamilia_Pagamentos.csv    inflating: dados/201306_BolsaFamilia_Pagamentos.csv    inflating: dados/201411_BolsaFamilia_Pagamentos.csv    inflating: dados/201405_BolsaFamilia_Pagamentos.csv    inflating: dados/201602_BolsaFamilia_Pagamentos.csv  \nDescompactando dados/201604.zip
Archive:  dados/201604.zip
\nDescompactando dados/201605.zip
Archive:  dados/201605.zip
\nDescompactando dados/201606.zip
Archive:  dados/201606.zip
\nDescompactando dados/201607.zip
Archive:  dados/201607.zip
\nDescompactando dados/201608.zip
Archive:  dados/201608.zip
\nDescompactando dados/201609.zip
Archive:  dados/201609.zip
\nDescompactando dados/201610.zip
Archive:  dados/201610.zip
\nDescompactando dados/201611.zip
Archive:  dados/201611.zip
\nDescompactando dados/201612.zip
Archive:  dados/201612.zip
\nDescompactando dados/201701.zip
Archive:  dados/201701.zip
\nDescompactando dados/201702.zip
Archive:  dados/201702.zip
\nDescompactando dados/201703.zip
Archive:  dados/201703.zip
\nDescompactando dados/201704.zip
Archive:  dados/201704.zip
\nDescompactando dados/201705.zip
Archive:  dados/201705.zip
\nDescompactando dados/201706.zip
Archive:  dados/201706.zip
\nDescompactando dados/201707.zip
Archive:  dados/201707.zip
\nDescompactando dados/201708.zip
Archive:  dados/201708.zip
\nDescompactando dados/201709.zip
Archive:  dados/201709.zip
\nDescompactando dados/201710.zip
Archive:  dados/201710.zip
\nDescompactando dados/201711.zip
Archive:  dados/201711.zip
\nDescompactando dados/201712.zip
Archive:  dados/201712.zip
\nDescompactando dados/201801.zip
Archive:  dados/201801.zip
\nDescompactando dados/201802.zip
Archive:  dados/201802.zip
\nDescompactando dados/201803.zip
Archive:  dados/201803.zip
\nDescompactando dados/201804.zip
Archive:  dados/201804.zip
\nDescompactando dados/201805.zip
Archive:  dados/201805.zip
  End-of-central-directory signature not found.  Either this file is not
  a zipfile, or it constitutes one disk of a multi-part archive.  In the
  latter case the central directory and zipfile comment will be found on
  the last disk(s) of this archive.
unzip:  cannot find zipfile directory in one of dados/201805.zip or
        dados/201805.zip.zip, and cannot find dados/201805.zip.ZIP, period.
\nDescompactando dados/201806.zip
Archive:  dados/201806.zip
  End-of-central-directory signature not found.  Either this file is not
  a zipfile, or it constitutes one disk of a multi-part archive.  In the
  latter case the central directory and zipfile comment will be found on
  the last disk(s) of this archive.
unzip:  cannot find zipfile directory in one of dados/201806.zip or
        dados/201806.zip.zip, and cannot find dados/201806.zip.ZIP, period.
\nDescompactando dados/201807.zip
Archive:  dados/201807.zip
  End-of-central-directory signature not found.  Either this file is not
  a zipfile, or it constitutes one disk of a multi-part archive.  In the
  latter case the central directory and zipfile comment will be found on
  the last disk(s) of this archive.
unzip:  cannot find zipfile directory in one of dados/201807.zip or
        dados/201807.zip.zip, and cannot find dados/201807.zip.ZIP, period.
\nDescompactando dados/201808.zip
Archive:  dados/201808.zip
  End-of-central-directory signature not found.  Either this file is not
  a zipfile, or it constitutes one disk of a multi-part archive.  In the
  latter case the central directory and zipfile comment will be found on
  the last disk(s) of this archive.
unzip:  cannot find zipfile directory in one of dados/201808.zip or
        dados/201808.zip.zip, and cannot find dados/201808.zip.ZIP, period.
\nDescompactando dados/201809.zip
Archive:  dados/201809.zip
  End-of-central-directory signature not found.  Either this file is not
  a zipfile, or it constitutes one disk of a multi-part archive.  In the
  latter case the central directory and zipfile comment will be found on
  the last disk(s) of this archive.
unzip:  cannot find zipfile directory in one of dados/201809.zip or
        dados/201809.zip.zip, and cannot find dados/201809.zip.ZIP, period.
\nDescompactando dados/201810.zip
Archive:  dados/201810.zip
  End-of-central-directory signature not found.  Either this file is not
  a zipfile, or it constitutes one disk of a multi-part archive.  In the
  latter case the central directory and zipfile comment will be found on
  the last disk(s) of this archive.
unzip:  cannot find zipfile directory in one of dados/201810.zip or
        dados/201810.zip.zip, and cannot find dados/201810.zip.ZIP, period.
\nDescompactando dados/201811.zip
Archive:  dados/201811.zip
  End-of-central-directory signature not found.  Either this file is not
  a zipfile, or it constitutes one disk of a multi-part archive.  In the
  latter case the central directory and zipfile comment will be found on
  the last disk(s) of this archive.
unzip:  cannot find zipfile directory in one of dados/201811.zip or
        dados/201811.zip.zip, and cannot find dados/201811.zip.ZIP, period.
\nDescompactando dados/201812.zip
Aguardando
Verificando processos ativos...
19567
Archive:  dados/201812.zip
  End-of-central-directory signature not found.  Either this file is not
  a zipfile, or it constitutes one disk of a multi-part archive.  In the
  latter case the central directory and zipfile comment will be found on
  the last disk(s) of this archive.
unzip:  cannot find zipfile directory in one of dados/201812.zip or
        dados/201812.zip.zip, and cannot find dados/201812.zip.ZIP, period.
19571
19575
19579
19583
19587
19591
19595
19599
19603
19607
19611
19615
19619
19623
19627
19631
19635
19639
  inflating: dados/201604_BolsaFamilia_Pagamentos.csv  19643
19647
  inflating: dados/201605_BolsaFamilia_Pagamentos.csv  19651
19655
  inflating: dados/201607_BolsaFamilia_Pagamentos.csv    inflating: dados/201608_BolsaFamilia_Pagamentos.csv    inflating: dados/201606_BolsaFamilia_Pagamentos.csv  19659
19663
  inflating: dados/201609_BolsaFamilia_Pagamentos.csv  19667
  inflating: dados/201610_BolsaFamilia_Pagamentos.csv  19671
  inflating: dados/201703_BolsaFamilia_Pagamentos.csv    inflating: dados/201612_BolsaFamilia_Pagamentos.csv    inflating: dados/201704_BolsaFamilia_Pagamentos.csv    inflating: dados/201702_BolsaFamilia_Pagamentos.csv  19675
  inflating: dados/201611_BolsaFamilia_Pagamentos.csv  19679
  inflating: dados/201701_BolsaFamilia_Pagamentos.csv  19683
19687
19691
  inflating: dados/201705_BolsaFamilia_Pagamentos.csv    inflating: dados/201706_BolsaFamilia_Pagamentos.csv    inflating: dados/201707_BolsaFamilia_Pagamentos.csv  19695
  inflating: dados/201708_BolsaFamilia_Pagamentos.csv    inflating: dados/201709_BolsaFamilia_Pagamentos.csv    inflating: dados/201801_BolsaFamilia_Pagamentos.csv    inflating: dados/201712_BolsaFamilia_Pagamentos.csv  19699
19703
19707
19711
19715
19719
19723
19727
19731
19735
19739
19743
19747
19751
19755
19759
19763
19767
19771
19775
19779
19783
  inflating: dados/201802_BolsaFamilia_Pagamentos.csv    inflating: dados/201710_BolsaFamilia_Pagamentos.csv    inflating: dados/201803_BolsaFamilia_Pagamentos.csv    inflating: dados/201804_BolsaFamilia_Pagamentos.csv    inflating: dados/201711_BolsaFamilia_Pagamentos.csv  19787
19791
19795
19799
19803
19807
19811
19815
19819
19823
19827
19831
19835
19839
19843
19847
19851
.
Verificando processos ativos...
19567
19571
19575
19579
19583
19587
19591
19595
19599
19603
19607
19611
19615
19619
19623
19627
19631
19635
19639
19643
19647
19651
19655
19659
19663
19667
19671
19675
19679
19683
19687
19691
19695
19699
19703
19707
19711
19715
19719
19723
19727
19731
19735
19739
19743
19747
19751
19755
19759
19763
19767
19771
19775
19779
19783
19787
19791
19795
19799
19803
19807
19811
19815
19819
.
Verificando processos ativos...
19567
19571
19575
19579
19583
19587
19591
19595
19599
19603
19607
19611
19615
19619
19623
19627
19631
19635
19639
19643
19647
19651
19655
19659
19663
19667
19671
19675
19679
19683
19687
19691
19695
19699
19703
19707
19711
19715
19719
19723
19727
19731
19735
19739
19743
19747
19751
19755
19759
19763
19767
19771
19775
19779
19783
19787
19791
19795
19799
19803
19807
19811
19815
19819
.
Verificando processos ativos...
19567
19571
19575
19579
19583
19587
19591
19595
19599
19603
19607
19611
19615
19619
19623
19627
19631
19635
19639
19643
19647
19651
19655
19659
19663
19667
19671
19675
19679
19683
19687
19691
19695
19699
19703
19707
19711
19715
19719
19723
19727
19731
19735
19739
19743
19747
19751
19755
19759
19763
19767
19771
19775
19779
19783
19787
19791
19795
19799
19803
19807
19811
19815
19819
.
Verificando processos ativos...
19567
19571
19575
19579
19583
19587
19591
19595
19599
19603
19607
19611
19615
19619
19623
19627
19631
19635
19639
19643
19647
19651
19655
19659
19663
19667
19671
19675
19679
19683
19687
19691
19695
19699
19703
19707
19711
19715
19719
19723
19727
19731
19735
19739
19743
19747
19751
19755
19759
19763
19767
19771
19775
19779
19783
19787
19791
19795
19799
19803
19807
19811
19815
19819
.
Verificando processos ativos...
19567
19571
19575
19579
19583
19587
19591
19595
19599
19603
19607
19611
19615
19619
19623
19627
19631
19635
19639
19643
19647
19651
19655
19659
19663
19667
19671
19675
19679
19683
19687
19691
19695
19699
19703
19707
19711
19715
19719
19723
19727
19731
19735
19739
19743
19747
19751
19755
19759
19763
19767
19771
19775
19779
19783
19787
19791
19795
19799
19803
19807
19811
19815
19819
.
Verificando processos ativos...
19567
19571
19575
19579
19583
19587
19591
19595
19599
19603
19607
19611
19615
19619
19623
19627
19631
19635
19639
19643
19647
19651
19655
19659
19663
19667
19671
19675
19679
19683
19687
19691
19695
19699
19703
19707
19711
19715
19719
19723
19727
19731
19735
19739
19743
19747
19751
19755
19759
19763
19767
19771
19775
19779
19783
19787
19791
19795
19799
19803
19807
19811
19815
19819
.
Verificando processos ativos...
19567
19571
19575
19579
19583
19587
19591
19595
19599
19603
19607
19611
19615
19619
19623
19627
19631
19635
19639
19643
19647
19651
19655
19659
19663
19667
19671
19675
19679
19683
19687
19691
19695
19699
19703
19707
19711
19715
19719
19723
19727
19731
19735
19739
19743
19747
19751
19755
19759
19763
19767
19771
19775
19779
19783
19787
19791
19795
19799
19803
19807
19811
19815
19819
.
Verificando processos ativos...
19567
19571
19575
19579
19583
19587
19591
19595
19599
19603
19607
19611
19615
19619
19623
19627
19631
19635
19639
19643
19647
19651
19655
19659
19663
19667
19671
19675
19679
19683
19687
19691
19695
19699
19703
19707
19711
19715
19719
19723
19727
19731
19735
19739
19743
19747
19751
19755
19759
19763
19767
19771
19775
19779
19783
19787
19791
19795
19799
19803
19807
19811
19815
19819
.
Verificando processos ativos...
19567
19571
19575
19579
19583
19587
19591
19595
19599
19603
19607
19611
19615
19619
19623
19627
19631
19635
19639
19643
19647
19651
19655
19659
19663
19667
19671
19675
19679
19683
19687
19691
19695
19699
19703
19707
19711
19715
19719
19723
19727
19731
19735
19739
19743
19747
19751
19755
19759
19763
19767
19771
19775
19779
19783
19787
19791
19795
19799
19803
19807
19811
19815
19819
.
Verificando processos ativos...
19567
19571
19575
19579
19583
19587
19591
19595
19599
19603
19607
19611
19615
19619
19623
19627
19631
19635
19639
19643
19647
19651
19655
19659
19663
19667
19671
19675
19679
19683
19687
19691
19695
19699
19703
19707
19711
19715
19719
19723
19727
19731
19735
19739
19743
19747
19751
19755
19759
19763
19767
19771
19775
19779
19783
19787
19791
19795
19799
19803
19807
19811
19815
19819
.
Verificando processos ativos...
19567
19571
19575
19579
19583
19587
19591
19595
19599
19603
19607
19611
19615
19619
19623
19627
19631
19635
19639
19643
19647
19651
19655
19659
19663
19667
19671
19675
19679
19683
19687
19691
19695
19699
19703
19707
19711
19715
19719
19723
19727
19731
19735
19739
19743
19747
19751
19755
19759
19763
19767
19771
19775
19779
19783
19787
19791
19795
19799
19803
19807
19811
19815
19819
.
Verificando processos ativos...
19567
19571
19575
19579
19583
19587
19591
19595
19599
19603
19607
19611
19615
19619
19623
19627
19631
19635
19639
19643
19647
19651
19655
19659
19663
19667
19671
19675
19679
19683
19687
19691
19695
19699
19703
19707
19711
19715
19719
19723
19727
19731
19735
19739
19743
19747
19751
19755
19759
19763
19767
19771
19775
19779
19783
19787
19791
19795
19799
19803
19807
19811
19815
19819
.
Verificando processos ativos...
19567
19571
19575
19579
19583
19587
19591
19595
19599
19603
19607
19611
19615
19619
19623
19627
19631
19635
19639
19643
19647
19651
19655
19659
19663
19667
19671
19675
19679
19683
19687
19691
19695
19699
19703
19707
19711
19715
19719
19723
19727
19731
19735
19739
19743
19747
19751
19755
19759
19763
19767
19771
19775
19779
19783
19787
19791
19795
19799
19803
19807
19811
19815
19819
.
Verificando processos ativos...
19567
19571
19575
19579
19583
19587
19591
19595
19599
19603
19607
19611
19615
19619
19623
19627
19631
19635
19639
19643
19647
19651
19655
19659
19663
19667
19671
19675
19679
19683
19687
19691
19695
19699
19703
19707
19711
19715
19719
19723
19727
19731
19735
19739
19743
19747
19751
19755
19759
19763
19767
19771
19775
19779
19783
19787
19791
19795
19799
19803
19807
19811
19815
19819
.
Verificando processos ativos...
19567
19571
19575
19579
19583
19587
19591
19595
19599
19603
19607
19611
19615
19619
19623
19627
19631
19635
19639
19643
19647
19651
19655
19659
19663
19667
19671
19675
19679
19683
19687
19691
19695
19699
19703
19707
19711
19715
19719
19723
19727
19731
19735
19739
19743
19747
19751
19755
19759
19763
19767
19771
19775
19779
19783
19787
19791
19795
19799
19803
19807
19811
19815
19819
.
Verificando processos ativos...
19567
19571
19575
19579
19583
19587
19591
19595
19599
19603
19607
19611
19615
19619
19623
19627
19631
19635
19639
19643
19647
19651
19655
19659
19663
19667
19671
19675
19679
19683
19687
19691
19695
19699
19703
19707
19711
19715
19719
19723
19727
19731
19735
19739
19743
19747
19751
19755
19759
19763
19767
19771
19775
19779
19783
19787
19791
19795
19799
19803
19807
19811
19815
19819
.
Verificando processos ativos...
19567
19571
19575
19579
19583
19587
19591
19595
19599
19603
19607
19611
19615
19619
19623
19627
19631
19635
19639
19643
19647
19651
19655
19659
19663
19667
19671
19675
19679
19683
19687
19691
19695
19699
19703
19707
19711
19715
19719
19723
19727
19731
19735
19739
19743
19747
19751
19755
19759
19763
19767
19771
19775
19779
19783
19787
19791
19795
19799
19803
19807
19811
19815
19819
.
Verificando processos ativos...
19567
19571
19575
19579
19583
19587
19591
19595
19599
19603
19607
19611
19615
19619
19623
19627
19631
19635
19639
19643
19647
19651
19655
19659
19663
19667
19671
19675
19679
19683
19687
19691
19695
19699
19703
19707
19711
19715
19719
19723
19727
19731
19735
19739
19743
19747
19751
19755
19759
19763
19767
19771
19775
19779
19783
19787
19791
19795
19799
19803
19807
19811
19815
19819
.
Verificando processos ativos...
19567
19571
19575
19579
19583
19587
19591
19595
19599
19603
19607
19611
19615
19619
19623
19627
19631
19635
19639
19643
19647
19651
19655
19659
19663
19667
19671
19675
19679
19683
19687
19691
19695
19699
19703
19707
19711
19715
19719
19723
19727
19731
19735
19739
19743
19747
19751
19755
19759
19763
19767
19771
19775
19779
19783
19787
19791
19795
19799
19803
19807
19811
19815
19819
.
Verificando processos ativos...
19567
19571
19575
19579
19583
19587
19591
19595
19599
19603
19607
19611
19615
19619
19623
19627
19631
19635
19639
19643
19647
19651
19655
19659
19663
19667
19671
19675
19679
19683
19687
19691
19695
19699
19703
19707
19711
19715
19719
19723
19727
19731
19735
19739
19743
19747
19751
19755
19759
19763
19767
19771
19775
19779
19783
19787
19791
19795
19799
19803
19807
19811
19815
19819
.
Verificando processos ativos...
19567
19571
19575
19579
19583
19587
19591
19595
19599
19603
19607
19611
19615
19619
19623
19627
19631
19635
19639
19643
19647
19651
19655
19659
19663
19667
19671
19675
19679
19683
19687
19691
19695
19699
19703
19707
19711
19715
19719
19723
19727
19731
19735
19739
19743
19747
19751
19755
19759
19763
19767
19771
19775
19779
19783
19787
19791
19795
19799
19803
19807
19811
19815
19819
.
Verificando processos ativos...
19567
19571
19575
19579
19583
19587
19591
19595
19599
19603
19607
19611
19615
19619
19623
19627
19631
19635
19639
19643
19647
19651
19655
19659
19663
19667
19671
19675
19679
19683
19687
19691
19695
19699
19703
19707
19711
19715
19719
19723
19727
19731
19735
19739
19743
19747
19751
19755
19759
19763
19767
19771
19775
19779
19783
19787
19791
19795
19799
19803
19807
19811
19815
19819
.
Verificando processos ativos...
19567
19571
19575
19579
19583
19587
19591
19595
19599
19603
19607
19611
19615
19619
19623
19627
19631
19635
19639
19643
19647
19651
19655
19659
19663
19667
19671
19675
19679
19683
19687
19691
19695
19699
19703
19707
19711
19715
19719
19723
19727
19731
19735
19739
19743
19747
19751
19755
19759
19763
19767
19771
19775
19779
19783
19787
19791
19795
19799
19803
19807
19811
19815
19819
.
Verificando processos ativos...
19567
19571
19575
19579
19583
19587
19591
19595
19599
19603
19607
19611
19615
19619
19623
19627
19631
19635
19639
19643
19647
19651
19655
19659
19663
19667
19671
19675
19679
19683
19687
19691
19695
19699
19703
19707
19711
19715
19719
19723
19727
19731
19735
19739
19743
19747
19751
19755
19759
19763
19767
19771
19775
19779
19783
19787
19791
19795
19799
19803
19807
19811
19815
19819
.
Verificando processos ativos...
19567
19571
19575
19579
19583
19587
19591
19595
19599
19603
19607
19611
19615
19619
19623
19627
19631
19635
19639
19643
19647
19651
19655
19659
19663
19667
19671
19675
19679
19683
19687
19691
19695
19699
19703
19707
19711
19715
19719
19723
19727
19731
19735
19739
19743
19747
19751
19755
19759
19763
19767
19771
19775
19779
19783
19787
19791
19795
19799
19803
19807
19811
19815
19819
.
Verificando processos ativos...
19567
19571
19575
19579
19583
19587
19591
19595
19599
19603
19607
19611
19615
19619
19623
19627
19631
19635
19639
19643
19647
19651
19655
19659
19663
19667
19671
19675
19679
19683
19687
19691
19695
19699
19703
19707
19711
19715
19719
19723
19727
19731
19735
19739
19743
19747
19751
19755
19759
19763
19767
19771
19775
19779
19783
19787
19791
19795
19799
19803
19807
19811
19815
19819
.
Verificando processos ativos...
19567
19571
19575
19579
19583
19587
19591
19595
19599
19603
19607
19611
19615
19619
19623
19627
19631
19635
19639
19643
19647
19651
19655
19659
19663
19667
19671
19675
19679
19683
19687
19691
19695
19699
19703
19707
19711
19715
19719
19723
19727
19731
19735
19739
19743
19747
19751
19755
19759
19763
19767
19771
19775
19779
19783
19787
19791
19795
19799
19803
19807
19811
19815
19819
.
Verificando processos ativos...
19567
19571
19575
19579
19583
19587
19591
19595
19599
19603
19607
19611
19615
19619
19623
19627
19631
19635
19639
19643
19647
19651
19655
19659
19663
19667
19671
19675
19679
19683
19687
19691
19695
19699
19703
19707
19711
19715
19719
19723
19727
19731
19735
19739
19743
19747
19751
19755
19759
19763
19767
19771
19775
19779
19783
19787
19791
19795
19799
19803
19807
19811
19815
19819
.
Verificando processos ativos...
19567
19571
19575
19579
19583
19587
19591
19595
19599
19603
19607
19611
19615
19619
19623
19627
19631
19635
19639
19643
19647
19651
19655
19659
19663
19667
19671
19675
19679
19683
19687
19691
19695
19699
19703
19707
19711
19715
19719
19723
19727
19731
19735
19739
19743
19747
19751
19755
19759
19763
19767
19771
19775
19779
19783
19787
19791
19795
19799
19803
19807
19811
19815
19819
.
Verificando processos ativos...
19567
19571
19575
19579
19583
19587
19591
19595
19599
19603
19607
19611
19615
19619
19623
19627
19631
19635
19639
19643
19647
19651
19655
19659
19663
19667
19671
19675
19679
19683
19687
19691
19695
19699
19703
19707
19711
19715
19719
19723
19727
19731
19735
19739
19743
19747
19751
19755
19759
19763
19767
19771
19775
19779
19783
19787
19791
19795
19799
19803
19807
19811
19815
19819
.
Verificando processos ativos...
19567
19571
19575
19579
19583
19587
19591
19595
19599
19603
19607
19611
19615
19619
19623
19627
19631
19635
19639
19643
19647
19651
19655
19659
19663
19667
19671
19675
19679
19683
19687
19691
19695
19699
19703
19707
19711
19715
19719
19723
19727
19731
19735
19739
19743
19747
19751
19755
19759
19763
19767
19771
19775
19779
19783
19787
19791
19795
19799
19803
19807
19811
19815
19819
.
Verificando processos ativos...
19567
19571
19575
19579
19583
19587
19591
19595
19599
19603
19607
19611
19615
19619
19623
19627
19631
19635
19639
19643
19647
19651
19655
19659
19663
19667
19671
19675
19679
19683
19687
19691
19695
19699
19703
19707
19711
19715
19719
19723
19727
19731
19735
19739
19743
19747
19751
19755
19759
19763
19767
19771
19775
19779
19783
19787
19791
19795
19799
19803
19807
19811
19815
19819
.
Verificando processos ativos...
19567
19571
19575
19579
19583
19587
19591
19595
19599
19603
19607
19611
19615
19619
19623
19627
19631
19635
19639
19643
19647
19651
19655
19659
19663
19667
19671
19675
19679
19683
19687
19691
19695
19699
19703
19707
19711
19715
19719
19723
19727
19731
19735
19739
19743
19747
19751
19755
19759
19763
19767
19771
19775
19779
19783
19787
19791
19795
19799
19803
19807
19811
19815
19819
.
Verificando processos ativos...
19567
19571
19575
19579
19583
19587
19591
19595
19599
19603
19607
19611
19615
19619
19623
19627
19631
19635
19639
19643
19647
19651
19655
19659
19663
19667
19671
19675
19679
19683
19687
19691
19695
19699
19703
19707
19711
19715
19719
19723
19727
19731
19735
19739
19743
19747
19751
19755
19759
19763
19767
19771
19775
19779
19783
19787
19791
19795
19799
19803
19807
19811
19815
19819
.
Verificando processos ativos...
19567
19571
19575
19579
19583
19587
19591
19595
19599
19603
19607
19611
19615
19619
19623
19627
19631
19635
19639
19643
19647
19651
19655
19659
19663
19667
19671
19675
19679
19683
19687
19691
19695
19699
19703
19707
19711
19715
19719
19723
19727
19731
19735
19739
19743
19747
19751
19755
19759
19763
19767
19771
19775
19779
19783
19787
19791
19795
19799
19803
19807
19811
19815
19819
.
Verificando processos ativos...
19567
19571
19575
19579
19583
19587
19591
19595
19599
19603
19607
19611
19615
19619
19623
19627
19631
19635
19639
19643
19647
19651
19655
19659
19663
19667
19671
19675
19679
19683
19687
19691
19695
19699
19703
19707
19711
19715
19719
19723
19727
19731
19735
19739
19743
19747
19751
19755
19759
19763
19767
19771
19775
19779
19783
19787
19791
19795
19799
19803
19807
19811
19815
19819
.
Verificando processos ativos...
19567
19571
19575
19579
19583
19587
19591
19595
19599
19603
19607
19611
19615
19619
19623
19627
19631
19635
19639
19643
19647
19651
19655
19659
19663
19667
19671
19675
19679
19683
19687
19691
19695
19699
19703
19707
19711
19715
19719
19723
19727
19731
19735
19739
19743
19747
19751
19755
19759
19763
19767
19771
19775
19779
19783
19787
19791
19795
19799
19803
19807
19811
19815
19819
.
Verificando processos ativos...
19567
19571
19575
19579
19583
19587
19591
19595
19599
19603
19607
19611
19615
19619
19623
19627
19631
19635
19639
19643
19647
19651
19655
19659
19663
19667
19671
19675
19679
19683
19687
19691
19695
19699
19703
19707
19711
19715
19719
19723
19727
19731
19735
19739
19743
19747
19751
19755
19759
19763
19767
19771
19775
19779
19783
19787
19791
19795
19799
19803
19807
19811
19815
19819
.
Verificando processos ativos...
19567
19571
19575
19579
19583
19587
19591
19595
19599
19603
19607
19611
19615
19619
19623
19627
19631
19635
19639
19643
19647
19651
19655
19659
19663
19667
19671
19675
19679
19683
19687
19691
19695
19699
19703
19707
19711
19715
19719
19723
19727
19731
19735
19739
19743
19747
19751
19755
19759
19763
19767
19771
19775
19779
19783
19787
19791
19795
19799
19803
19807
19811
19815
19819
.
Verificando processos ativos...
19567
19571
19575
19579
19583
19587
19591
19595
19599
19603
19607
19611
19615
19619
19623
19627
19631
19635
19639
19643
19647
19651
19655
19659
19663
19667
19671
19675
19679
19683
19687
19691
19695
19699
19703
19707
19711
19715
19719
19723
19727
19731
19735
19739
19743
19747
19751
19755
19759
19763
19767
19771
19775
19779
19783
19787
19791
19795
19799
19803
19807
19811
19815
19819
.
Verificando processos ativos...
19567
19571
19575
19579
19583
19587
19591
19595
19599
19603
19607
19611
19615
19619
19623
19627
19631
19635
19639
19643
19647
19651
19655
19659
19663
19667
19671
19675
19679
19683
19687
19691
19695
19699
19703
19707
19711
19715
19719
19723
19727
19731
19735
19739
19743
19747
19751
19755
19759
19763
19767
19771
19775
19779
19783
19787
19791
19795
19799
19803
19807
19811
19815
19819
.
Verificando processos ativos...
19567
19571
19575
19579
19583
19587
19591
19595
19599
19603
19607
19611
19615
19619
19623
19627
19631
19635
19639
19643
19647
19651
19655
19659
19663
19667
19671
19675
19679
19683
19687
19691
19695
19699
19703
19707
19711
19715
19719
19723
19727
19731
19735
19739
19743
19747
19751
19755
19759
19763
19767
19771
19775
19779
19783
19787
19791
19795
19799
19803
19807
19811
19815
19819
.
Verificando processos ativos...
19567
19571
19575
19579
19583
19587
19591
19595
19599
19603
19607
19611
19615
19619
19623
19627
19631
19635
19639
19643
19647
19651
19655
19659
19663
19667
19671
19675
19679
19683
19687
19691
19695
19699
19703
19707
19711
19715
19719
19723
19727
19731
19735
19739
19743
19747
19751
19755
19759
19763
19767
19771
19775
19779
19783
19787
19791
19795
19799
19803
19807
19811
19815
19819
.
Verificando processos ativos...
19567
19571
19575
19579
19583
19587
19591
19595
19599
19603
19607
19611
19615
19619
19623
19627
19631
19635
19639
19643
19647
19651
19655
19659
19663
19667
19671
19675
19679
19683
19687
19691
19695
19699
19703
19707
19711
19715
19719
19723
19727
19731
19735
19739
19743
19747
19751
19755
19759
19763
19767
19771
19775
19779
19783
19787
19791
19795
19799
19803
19807
19811
19815
19819
.
Verificando processos ativos...
19567
19571
19575
19579
19583
19587
19591
19595
19599
19603
19607
19611
19615
19619
19623
19627
19631
19635
19639
19643
19647
19651
19655
19659
19663
19667
19671
19675
19679
19683
19687
19691
19695
19699
19703
19707
19711
19715
19719
19723
19727
19731
19735
19739
19743
19747
19751
19755
19759
19763
19767
19771
19775
19779
19783
19787
19791
19795
19799
19803
19807
19811
19815
19819
.
Verificando processos ativos...
19567
19571
19575
19579
19583
19587
19591
19595
19599
19603
19607
19611
19615
19619
19623
19627
19631
19635
19639
19643
19647
19651
19655
19659
19663
19667
19671
19675
19679
19683
19687
19691
19695
19699
19703
19707
19711
19715
19719
19723
19727
19731
19735
19739
19743
19747
19751
19755
19759
19763
19767
19771
19775
19779
19783
19787
19791
19795
19799
19803
19807
19811
19815
19819
.
Verificando processos ativos...
19567
19571
19575
19579
19583
19587
19591
19595
19599
19603
19607
19611
19615
19619
19623
19627
19631
19635
19639
19643
19647
19651
19655
19659
19663
19667
19671
19675
19679
19683
19687
19691
19695
19699
19703
19707
19711
19715
19719
19723
19727
19731
19735
19739
19743
19747
19751
19755
19759
19763
19767
19771
19775
19779
19783
19787
19791
19795
19799
19803
19807
19811
19815
19819
.
Verificando processos ativos...
19567
19571
19575
19579
19583
19587
19591
19595
19599
19603
19607
19611
19615
19619
19623
19627
19631
19635
19639
19643
19647
19651
19655
19659
19663
19667
19671
19675
19679
19683
19687
19691
19695
19699
19703
19707
19711
19715
19719
19723
19727
19731
19735
19739
19743
19747
19751
19755
19759
19763
19767
19771
19775
19779
19783
19787
19791
19795
19799
19803
19807
19811
19815
19819
.
Verificando processos ativos...
19567
19571
19575
19579
19583
19587
19591
19595
19599
19603
19607
19611
19615
19619
19623
19627
19631
19635
19639
19643
19647
19651
19655
19659
19663
19667
19671
19675
19679
19683
19687
19691
19695
19699
19703
19707
19711
19715
19719
19723
19727
19731
19735
19739
19743
19747
19751
19755
19759
19763
19767
19771
19775
19779
19783
19787
19791
19795
19799
19803
19807
19811
19815
19819
.
Verificando processos ativos...
19567
19571
19575
19579
19583
19587
19591
19595
19599
19603
19607
19611
19615
19619
19623
19627
19631
19635
19639
19643
19647
19651
19655
19659
19663
19667
19671
19675
19679
19683
19687
19691
19695
19699
19703
19707
19711
19715
19719
19723
19727
19731
19735
19739
19743
19747
19751
19755
19759
19763
19767
19771
19775
19779
19783
19787
19791
19795
19799
19803
19807
19811
19815
19819
.
Verificando processos ativos...
19567
19571
19575
19579
19583
19587
19591
19595
19599
19603
19607
19611
19615
19619
19623
19627
19631
19635
19639
19643
19647
19651
19655
19659
19663
19667
19671
19675
19679
19683
19687
19691
19695
19699
19703
19707
19711
19715
19719
19723
19727
19731
19735
19739
19743
19747
19751
19755
19759
19763
19767
19771
19775
19779
19783
19787
19791
19795
19799
19803
19807
19811
19815
19819
.
Verificando processos ativos...
19567
19571
19575
19579
19583
19587
19591
19595
19599
19603
19607
19611
19615
19619
19623
19627
19631
19635
19639
19643
19647
19651
19655
19659
19663
19667
19671
19675
19679
19683
19687
19691
19695
19699
19703
19707
19711
19715
19719
19723
19727
19731
19735
19739
19743
19747
19751
19755
19759
19763
19767
19771
19775
19779
19783
19787
19791
19795
19799
19803
19807
19811
19815
19819
.
Verificando processos ativos...
19567
19571
19575
19579
19583
19587
19591
19595
19599
19603
19607
19611
19615
19619
19623
19627
19631
19635
19639
19643
19647
19651
19655
19659
19663
19667
19671
19675
19679
19683
19687
19691
19695
19699
19703
19707
19711
19715
19719
19723
19727
19731
19735
19739
19743
19747
19751
19755
19759
19763
19767
19771
19775
19779
19783
19787
19791
19795
19799
19803
19807
19811
19815
19819
.
Verificando processos ativos...
19567
19571
19575
19579
19583
19587
19591
19595
19599
19603
19607
19611
19615
19619
19623
19627
19631
19635
19639
19643
19647
19651
19655
19659
19663
19667
19671
19675
19679
19683
19687
19691
19695
19699
19703
19707
19711
19715
19719
19723
19727
19731
19735
19739
19743
19747
19751
19755
19759
19763
19767
19771
19775
19779
19783
19787
19791
19795
19799
19803
19807
19811
19815
19819
.
Verificando processos ativos...
19567
19571
19575
19579
19583
19587
19591
19595
19599
19603
19607
19611
19615
19619
19623
19627
19631
19635
19639
19643
19647
19651
19655
19659
19663
19667
19671
19675
19679
19683
19687
19691
19695
19699
19703
19707
19711
19715
19719
19723
19727
19731
19735
19739
19743
19747
19751
19755
19759
19763
19767
19771
19775
19779
19783
19787
19791
19795
19799
19803
19807
19811
19815
19819
.
Verificando processos ativos...
19567
19571
19575
19579
19583
19587
19591
19595
19599
19603
19607
19611
19615
19619
19623
19627
19631
19635
19639
19643
19647
19651
19655
19659
19663
19667
19671
19675
19679
19683
19687
19691
19695
19699
19703
19707
19711
19715
19719
19723
19727
19731
19735
19739
19743
19747
19751
19755
19759
19763
19767
19771
19775
19779
19783
19787
19791
19795
19799
19803
19807
19811
19815
19819
.
Verificando processos ativos...
19567
19571
19575
19579
19583
19587
19591
19595
19599
19603
19607
19611
19615
19619
19623
19627
19631
19635
19639
19643
19647
19651
19655
19659
19663
19667
19671
19675
19679
19683
19687
19691
19695
19699
19703
19707
19711
19715
19719
19723
19727
19731
19735
19739
19743
19747
19751
19755
19759
19763
19767
19771
19775
19779
19783
19787
19791
19795
19799
19803
19807
19811
19815
19819
.
Verificando processos ativos...
19567
19571
19575
19579
19583
19587
19591
19595
19599
19603
19607
19611
19615
19619
19623
19627
19631
19635
19639
19643
19647
19651
19655
19659
19663
19667
19671
19675
19679
19683
19687
19691
19695
19699
19703
19707
19711
19715
19719
19723
19727
19731
19735
19739
19743
19747
19751
19755
19759
19763
19767
19771
19775
19779
19783
19787
19791
19795
19799
19803
19807
19811
19815
19819
.
Verificando processos ativos...
19567
19571
19575
19579
19583
19587
19591
19595
19599
19603
19607
19611
19615
19619
19623
19627
19631
19635
19639
19643
19647
19651
19655
19659
19663
19667
19671
19675
19679
19683
19687
19691
19695
19699
19703
19707
19711
19715
19719
19723
19727
19731
19735
19739
19743
19747
19751
19755
19759
19763
19767
19771
19775
19779
19783
19787
19791
19795
19799
19803
19807
19811
19815
19819
.
Verificando processos ativos...
19567
19571
19575
19579
19583
19587
19591
19595
19599
19603
19607
19611
19615
19619
19623
19627
19631
19635
19639
19643
19647
19651
19655
19659
19663
19667
19671
19675
19679
19683
19687
19691
19695
19699
19703
19707
19711
19715
19719
19723
19727
19731
19735
19739
19743
19747
19751
19755
19759
19763
19767
19771
19775
19779
19783
19787
19791
19795
19799
19803
19807
19811
19815
19819
.
Verificando processos ativos...
19567
19571
19575
19579
19583
19587
19591
19595
19599
19603
19607
19611
19615
19619
19623
19627
19631
19635
19639
19643
19647
19651
19655
19659
19663
19667
19671
19675
19679
19683
19687
19691
19695
19699
19703
19707
19711
19715
19719
19723
19727
19731
19735
19739
19743
19747
19751
19755
19759
19763
19767
19771
19775
19779
19783
19787
19791
19795
19799
19803
19807
19811
19815
19819
.
Verificando processos ativos...
19567
19571
19575
19579
19583
19587
19591
19595
19599
19603
19607
19611
19615
19619
19623
19627
19631
19635
19639
19643
19647
19651
19655
19659
19663
19667
19671
19675
19679
19683
19687
19691
19695
19699
19703
19707
19711
19715
19719
19723
19727
19731
19735
19739
19743
19747
19751
19755
19759
19763
19767
19771
19775
19779
19783
19787
19791
19795
19799
19803
19807
19811
19815
19819
.
Verificando processos ativos...
19567
19571
19575
19579
19583
19587
19591
19595
19599
19603
19607
19611
19615
19619
19623
19627
19631
19635
19639
19643
19647
19651
19655
19659
19663
19667
19671
19675
19679
19683
19687
19691
19695
19699
19703
19707
19711
19715
19719
19723
19727
19731
19735
19739
19743
19747
19751
19755
19759
19763
19767
19771
19775
19779
19783
19787
19791
19795
19799
19803
19807
19811
19815
19819
.
Verificando processos ativos...
19567
19571
19575
19579
19583
19587
19591
19595
19599
19603
19607
19611
19615
19619
19623
19627
19631
19635
19639
19643
19647
19651
19655
19659
19663
19667
19671
19675
19679
19683
19687
19691
19695
19699
19703
19707
19711
19715
19719
19723
19727
19731
19735
19739
19743
19747
19751
19755
19759
19763
19767
19771
19775
19779
19783
19787
19791
19795
19799
19803
19807
19811
19815
19819
.
Verificando processos ativos...
19567
19571
19575
19579
19583
19587
19591
19595
19599
19603
19607
19611
19615
19619
19623
19627
19631
19635
19639
19643
19647
19651
19655
19659
19663
19667
19671
19675
19679
19683
19687
19691
19695
19699
19703
19707
19711
19715
19719
19723
19727
19731
19735
19739
19743
19751
19755
19759
19763
19767
19771
19775
19779
19783
19787
19791
19795
19799
19803
19807
19811
19815
19819
.
Verificando processos ativos...
19567
19571
19575
19579
19583
19587
19591
19595
19599
19603
19607
19611
19615
19619
19623
19627
19631
19635
19639
19643
19647
19651
19655
19659
19663
19667
19671
19675
19679
19683
19687
19691
19695
19699
19703
19707
19711
19715
19719
19723
19727
19731
19735
19739
19743
19751
19755
19759
19763
19767
19771
19775
19779
19783
19787
19791
19795
19799
19803
19807
19811
19815
19819
.
Verificando processos ativos...
19567
19571
19575
19579
19583
19587
19591
19595
19599
19603
19607
19611
19615
19619
19623
19627
19631
19635
19639
19643
19647
19651
19655
19659
19663
19667
19671
19675
19679
19683
19687
19691
19695
19699
19703
19707
19711
19715
19719
19723
19727
19731
19735
19739
19743
19751
19755
19759
19763
19767
19771
19775
19779
19783
19787
19791
19795
19799
19803
19807
19811
19815
19819
.
Verificando processos ativos...
19567
19571
19575
19579
19583
19587
19591
19595
19599
19603
19607
19611
19615
19619
19623
19627
19631
19635
19639
19643
19647
19651
19655
19659
19663
19667
19671
19675
19679
19683
19687
19691
19695
19699
19703
19707
19711
19715
19719
19723
19727
19731
19735
19739
19743
19751
19755
19759
19763
19767
19771
19775
19779
19783
19787
19791
19795
19799
19803
19807
19811
19815
19819
.
Verificando processos ativos...
19567
19571
19575
19579
19583
19587
19591
19595
19599
19603
19607
19611
19615
19619
19623
19627
19631
19635
19639
19643
19647
19651
19655
19659
19663
19667
19671
19675
19679
19683
19687
19691
19695
19699
19703
19707
19711
19715
19719
19723
19727
19731
19735
19739
19743
19751
19755
19759
19763
19767
19771
19775
19779
19783
19787
19791
19795
19799
19803
19807
19811
19815
19819
.
Verificando processos ativos...
19567
19571
19575
19579
19583
19587
19591
19595
19599
19603
19607
19611
19615
19619
19623
19627
19631
19635
19639
19643
19647
19651
19655
19659
19663
19667
19671
19675
19679
19683
19687
19691
19695
19699
19703
19707
19711
19715
19719
19723
19727
19731
19735
19739
19743
19751
19755
19759
19763
19767
19771
19775
19779
19783
19787
19791
19795
19799
19803
19807
19811
19815
19819
.
Verificando processos ativos...
19567
19571
19575
19579
19583
19587
19591
19595
19599
19603
19607
19611
19615
19619
19623
19627
19631
19635
19639
19643
19647
19651
19655
19659
19663
19667
19671
19675
19679
19683
19687
19691
19695
19699
19703
19707
19711
19715
19719
19723
19727
19731
19735
19739
19743
19751
19755
19759
19763
19767
19771
19775
19779
19783
19787
19791
19795
19799
19803
19807
19811
19815
19819
.
Verificando processos ativos...
19567
19571
19575
19579
19583
19587
19591
19595
19599
19603
19607
19611
19615
19619
19623
19627
19631
19635
19639
19643
19647
19651
19655
19659
19663
19667
19671
19675
19679
19683
19687
19691
19695
19699
19703
19707
19711
19715
19719
19723
19727
19731
19735
19739
19743
19751
19755
19759
19763
19767
19771
19775
19779
19783
19787
19791
19795
19799
19803
19807
19811
19815
19819
.
Verificando processos ativos...
19567
19571
19575
19579
19583
19587
19591
19595
19599
19603
19607
19611
19615
19619
19623
19627
19631
19635
19639
19643
19647
19651
19655
19659
19663
19667
19671
19675
19679
19683
19687
19691
19695
19699
19703
19707
19711
19715
19719
19723
19727
19731
19735
19739
19743
19751
19755
19759
19763
19767
19771
19775
19779
19783
19787
19791
19795
19799
19803
19807
19811
19815
19819
.
Verificando processos ativos...
19567
19571
19575
19579
19583
19587
19591
19595
19599
19607
19611
19615
19619
19623
19627
19631
19635
19639
19643
19647
19651
19655
19659
19663
19667
19671
19675
19679
19683
19687
19691
19695
19699
19703
19707
19711
19715
19719
19723
19727
19731
19735
19739
19743
19751
19755
19759
19763
19767
19771
19775
19779
19783
19787
19791
19795
19799
19803
19807
19811
19815
19819
.
Verificando processos ativos...
19567
19571
19575
19579
19583
19587
19591
19595
19599
19607
19611
19615
19619
19623
19627
19631
19635
19639
19643
19647
19651
19655
19659
19663
19667
19671
19675
19679
19683
19687
19691
19695
19699
19703
19707
19711
19715
19719
19723
19727
19731
19735
19739
19743
19751
19755
19759
19763
19767
19771
19775
19779
19783
19787
19791
19795
19799
19803
19807
19811
19815
19819
.
Verificando processos ativos...
19567
19571
19575
19579
19583
19587
19591
19595
19599
19607
19611
19615
19619
19623
19627
19631
19635
19639
19643
19647
19651
19655
19659
19663
19667
19671
19675
19679
19683
19687
19691
19695
19699
19703
19707
19711
19715
19719
19723
19727
19731
19735
19739
19743
19751
19755
19759
19763
19767
19771
19775
19779
19783
19787
19791
19795
19799
19803
19807
19811
19815
19819
.
Verificando processos ativos...
19567
19571
19575
19579
19583
19587
19591
19595
19599
19607
19611
19619
19623
19627
19631
19635
19639
19643
19647
19651
19655
19659
19663
19667
19671
19675
19679
19683
19687
19691
19695
19699
19703
19707
19711
19715
19719
19723
19727
19731
19735
19739
19743
19751
19755
19759
19763
19767
19771
19775
19779
19783
19787
19791
19795
19799
19803
19807
19811
19815
19819
.
Verificando processos ativos...
19567
19571
19575
19579
19583
19587
19591
19595
19599
19607
19611
19619
19623
19627
19631
19635
19639
19643
19647
19651
19655
19659
19663
19667
19671
19675
19679
19683
19687
19691
19695
19699
19703
19707
19711
19715
19719
19723
19727
19731
19735
19739
19743
19751
19755
19759
19763
19767
19771
19775
19779
19783
19787
19791
19795
19799
19803
19807
19811
19815
19819
.
Verificando processos ativos...
19567
19571
19575
19579
19583
19587
19591
19595
19599
19607
19611
19619
19623
19627
19631
19635
19639
19643
19647
19651
19655
19659
19663
19667
19671
19675
19679
19683
19687
19691
19695
19699
19703
19707
19711
19715
19719
19723
19727
19731
19735
19739
19743
19751
19755
19759
19763
19767
19771
19775
19779
19783
19787
19791
19795
19799
19803
19807
19811
19815
19819
.
Verificando processos ativos...
19567
19571
19575
19579
19583
19587
19591
19595
19599
19607
19611
19619
19623
19627
19631
19635
19639
19643
19647
19651
19655
19659
19663
19667
19671
19675
19679
19683
19687
19691
19695
19699
19703
19707
19711
19715
19719
19723
19727
19731
19735
19739
19743
19751
19755
19759
19763
19767
19771
19775
19779
19783
19787
19791
19795
19799
19803
19807
19811
19815
19819
.
Verificando processos ativos...
19567
19571
19575
19579
19583
19587
19591
19595
19599
19607
19611
19619
19623
19627
19631
19635
19639
19643
19647
19651
19655
19659
19663
19667
19671
19675
19679
19683
19687
19691
19695
19699
19703
19707
19711
19715
19719
19723
19727
19731
19735
19739
19743
19751
19755
19759
19763
19767
19771
19775
19779
19783
19787
19791
19795
19799
19803
19807
19811
19815
19819
.
Verificando processos ativos...
19567
19571
19575
19579
19583
19587
19591
19595
19599
19607
19611
19619
19623
19627
19631
19635
19639
19643
19647
19651
19655
19659
19663
19667
19671
19675
19679
19683
19687
19691
19695
19699
19703
19707
19711
19715
19719
19723
19727
19731
19735
19739
19743
19751
19755
19759
19763
19767
19771
19775
19779
19783
19787
19791
19795
19799
19803
19807
19811
19815
19819
.
Verificando processos ativos...
19567
19571
19575
19579
19583
19587
19591
19595
19599
19607
19611
19619
19623
19627
19631
19635
19639
19643
19647
19651
19655
19659
19663
19667
19671
19675
19679
19683
19687
19691
19695
19699
19703
19707
19711
19715
19719
19723
19727
19731
19735
19739
19743
19751
19755
19759
19763
19767
19771
19775
19779
19783
19787
19791
19795
19799
19803
19807
19811
19815
19819
.
Verificando processos ativos...
19567
19571
19575
19579
19583
19587
19591
19595
19599
19607
19611
19619
19623
19627
19631
19635
19639
19643
19647
19651
19655
19659
19663
19667
19671
19675
19679
19683
19687
19691
19695
19699
19703
19707
19711
19715
19719
19723
19727
19731
19735
19739
19743
19751
19755
19759
19763
19767
19771
19775
19779
19783
19787
19791
19795
19799
19803
19807
19811
19815
19819
.
Verificando processos ativos...
19567
19571
19575
19579
19583
19587
19591
19595
19599
19607
19611
19619
19623
19627
19631
19635
19639
19643
19647
19651
19655
19659
19663
19667
19671
19675
19679
19683
19687
19691
19695
19699
19703
19707
19711
19715
19719
19723
19727
19731
19735
19739
19743
19751
19755
19759
19763
19767
19771
19775
19779
19783
19787
19791
19795
19799
19803
19807
19811
19815
19819
.
Verificando processos ativos...
19567
19571
19575
19579
19583
19587
19591
19595
19599
19607
19611
19619
19623
19627
19631
19635
19639
19643
19647
19651
19655
19659
19663
19667
19671
19675
19679
19683
19687
19691
19695
19699
19703
19707
19711
19715
19719
19723
19727
19731
19735
19739
19743
19751
19755
19759
19763
19767
19771
19775
19779
19783
19787
19791
19795
19799
19803
19807
19811
19815
19819
.
Verificando processos ativos...
19567
19571
19575
19579
19583
19587
19591
19595
19599
19607
19611
19619
19623
19627
19631
19635
19639
19643
19647
19651
19655
19659
19663
19667
19671
19675
19679
19683
19687
19691
19695
19699
19703
19707
19711
19715
19719
19723
19727
19731
19735
19739
19743
19751
19755
19759
19763
19767
19771
19775
19779
19783
19787
19791
19795
19799
19803
19807
19811
19815
19819
.
Verificando processos ativos...
19567
19571
19575
19579
19583
19587
19591
19595
19599
19607
19611
19619
19623
19627
19631
19635
19639
19643
19647
19651
19655
19659
19663
19667
19671
19675
19679
19683
19687
19691
19695
19699
19703
19707
19711
19715
19719
19723
19727
19731
19735
19739
19743
19751
19755
19759
19763
19767
19771
19775
19779
19783
19787
19791
19795
19799
19803
19807
19811
19815
19819
.
Verificando processos ativos...
19567
19571
19575
19579
19583
19587
19591
19595
19599
19607
19611
19619
19623
19627
19631
19635
19639
19643
19647
19651
19655
19659
19663
19667
19671
19675
19679
19683
19687
19691
19695
19699
19703
19707
19711
19715
19719
19723
19727
19731
19735
19739
19743
19751
19755
19759
19763
19767
19771
19775
19779
19783
19787
19791
19795
19799
19803
19807
19811
19815
19819
.
Verificando processos ativos...
19567
19571
19575
19579
19583
19587
19591
19595
19599
19607
19611
19619
19623
19627
19631
19635
19639
19643
19647
19651
19655
19659
19663
19667
19671
19675
19679
19683
19687
19691
19695
19699
19703
19707
19711
19715
19719
19723
19727
19731
19735
19739
19743
19751
19755
19759
19763
19767
19771
19775
19779
19783
19787
19791
19795
19799
19803
19807
19811
19815
19819
.
Verificando processos ativos...
19567
19571
19575
19579
19583
19587
19591
19595
19599
19607
19611
19619
19623
19627
19631
19635
19639
19643
19647
19651
19655
19659
19663
19667
19671
19675
19679
19683
19687
19691
19695
19699
19703
19707
19711
19715
19719
19723
19727
19731
19735
19739
19743
19751
19755
19759
19763
19767
19771
19775
19779
19783
19787
19791
19795
19799
19803
19807
19811
19815
19819
.
Verificando processos ativos...
19567
19571
19575
19579
19583
19587
19591
19595
19599
19607
19611
19619
19623
19627
19631
19635
19639
19643
19647
19651
19655
19659
19663
19667
19671
19675
19679
19683
19687
19691
19695
19699
19703
19707
19711
19715
19719
19723
19727
19731
19735
19739
19743
19751
19755
19759
19763
19767
19771
19775
19779
19783
19787
19791
19795
19799
19803
19807
19811
19815
19819
.
Verificando processos ativos...
19567
19571
19575
19579
19583
19587
19591
19595
19599
19607
19611
19619
19623
19627
19631
19635
19639
19643
19647
19651
19655
19659
19663
19667
19671
19675
19679
19683
19687
19691
19695
19699
19703
19707
19711
19715
19719
19723
19727
19731
19735
19739
19743
19751
19755
19759
19763
19767
19771
19775
19779
19783
19787
19791
19795
19799
19803
19807
19811
19815
19819
.
Verificando processos ativos...
19567
19571
19575
19579
19583
19587
19591
19595
19599
19607
19611
19619
19623
19627
19631
19635
19639
19643
19647
19651
19655
19659
19663
19667
19671
19675
19679
19683
19687
19691
19695
19699
19703
19707
19711
19715
19719
19723
19727
19731
19735
19739
19743
19751
19755
19759
19763
19767
19771
19775
19779
19783
19787
19791
19795
19799
19803
19807
19811
19815
19819
.
Verificando processos ativos...
19567
19571
19575
19579
19583
19587
19591
19595
19599
19607
19611
19619
19623
19627
19631
19635
19639
19643
19647
19651
19655
19659
19663
19667
19671
19675
19679
19683
19687
19691
19695
19699
19703
19707
19711
19715
19719
19723
19727
19731
19735
19739
19743
19751
19755
19759
19763
19767
19771
19775
19779
19783
19787
19791
19795
19799
19803
19807
19811
19815
19819
.
Verificando processos ativos...
19567
19571
19575
19579
19583
19587
19591
19595
19599
19607
19611
19619
19623
19627
19631
19635
19639
19643
19647
19651
19655
19659
19663
19667
19671
19675
19679
19683
19687
19691
19695
19699
19703
19707
19711
19715
19719
19723
19727
19731
19735
19739
19743
19751
19755
19759
19763
19767
19771
19775
19779
19783
19787
19791
19795
19799
19803
19807
19811
19815
19819
.
Verificando processos ativos...
19567
19571
19575
19579
19583
19587
19591
19595
19599
19607
19611
19619
19623
19627
19631
19635
19639
19643
19647
19651
19655
19659
19663
19667
19671
19675
19679
19683
19687
19691
19695
19699
19703
19707
19711
19715
19719
19723
19727
19731
19735
19739
19743
19751
19755
19759
19763
19767
19771
19775
19779
19783
19787
19791
19795
19799
19803
19807
19811
19815
19819
.
Verificando processos ativos...
19567
19571
19575
19579
19583
19587
19591
19595
19599
19607
19611
19619
19623
19627
19631
19635
19639
19643
19651
19655
19659
19663
19667
19671
19675
19679
19683
19687
19691
19695
19699
19703
19707
19711
19715
19719
19723
19727
19731
19735
19739
19743
19751
19755
19759
19763
19767
19771
19775
19779
19783
19787
19791
19795
19799
19803
19807
19811
19815
19819
.
Verificando processos ativos...
19567
19571
19575
19579
19583
19587
19591
19595
19599
19607
19611
19619
19623
19627
19631
19635
19639
19643
19651
19655
19659
19663
19667
19671
19675
19679
19683
19687
19691
19695
19699
19703
19707
19711
19715
19719
19723
19727
19731
19735
19739
19743
19751
19755
19759
19763
19767
19771
19775
19779
19783
19787
19791
19795
19799
19803
19807
19811
19815
19819
.
Verificando processos ativos...
19567
19571
19575
19579
19583
19587
19591
19595
19599
19607
19611
19619
19623
19627
19631
19635
19639
19643
19651
19655
19659
19663
19667
19671
19675
19679
19683
19687
19691
19695
19699
19703
19707
19711
19715
19719
19723
19727
19731
19735
19739
19743
19751
19755
19759
19763
19767
19771
19775
19779
19783
19787
19791
19795
19799
19803
19807
19811
19815
19819
.
Verificando processos ativos...
19567
19571
19575
19579
19583
19587
19591
19595
19599
19607
19611
19619
19623
19627
19631
19635
19639
19643
19651
19655
19659
19663
19667
19671
19675
19679
19683
19687
19691
19695
19699
19703
19707
19711
19715
19719
19723
19727
19731
19735
19739
19743
19751
19755
19759
19763
19767
19771
19775
19779
19783
19787
19791
19795
19799
19803
19807
19811
19815
19819
.
Verificando processos ativos...
19567
19571
19575
19579
19583
19587
19591
19595
19599
19607
19611
19619
19623
19627
19631
19635
19639
19643
19651
19655
19659
19663
19667
19671
19675
19679
19683
19687
19691
19695
19699
19703
19707
19711
19715
19719
19723
19727
19731
19735
19739
19743
19751
19755
19759
19763
19767
19771
19775
19779
19783
19787
19791
19795
19799
19803
19807
19811
19815
19819
.
Verificando processos ativos...
19567
19571
19575
19579
19583
19587
19591
19595
19599
19607
19611
19619
19623
19627
19631
19635
19639
19643
19651
19655
19659
19663
19667
19671
19675
19679
19683
19687
19691
19695
19699
19703
19707
19711
19715
19719
19723
19727
19731
19735
19739
19743
19751
19755
19759
19763
19767
19771
19775
19779
19783
19787
19791
19795
19799
19803
19807
19811
19815
19819
.
Verificando processos ativos...
19567
19571
19575
19579
19583
19587
19591
19595
19599
19607
19611
19619
19623
19627
19631
19635
19639
19643
19651
19655
19659
19663
19667
19671
19675
19679
19683
19687
19691
19695
19699
19703
19707
19711
19715
19719
19723
19727
19731
19735
19739
19743
19751
19755
19759
19763
19767
19771
19775
19779
19783
19787
19791
19795
19799
19803
19807
19811
19815
19819
.
Verificando processos ativos...
19567
19571
19575
19579
19583
19587
19591
19595
19599
19607
19611
19619
19623
19627
19631
19635
19639
19643
19651
19655
19659
19663
19667
19671
19675
19679
19683
19687
19691
19695
19699
19703
19707
19711
19715
19719
19723
19727
19731
19735
19739
19743
19751
19755
19759
19763
19767
19771
19775
19779
19783
19787
19791
19795
19799
19803
19807
19811
19815
19819
.
Verificando processos ativos...
19567
19571
19575
19579
19583
19587
19591
19595
19599
19607
19611
19619
19623
19627
19631
19635
19639
19643
19651
19655
19659
19663
19667
19671
19675
19679
19683
19687
19691
19695
19699
19703
19707
19711
19715
19719
19723
19727
19731
19735
19739
19743
19751
19755
19759
19763
19767
19771
19775
19779
19783
19787
19791
19795
19799
19803
19807
19811
19815
19819
.
Verificando processos ativos...
19567
19571
19575
19579
19583
19587
19591
19595
19599
19607
19611
19619
19623
19627
19631
19635
19639
19643
19651
19655
19659
19663
19667
19671
19675
19679
19683
19687
19691
19695
19699
19703
19707
19711
19715
19719
19723
19727
19731
19735
19739
19743
19751
19755
19759
19763
19767
19771
19775
19779
19783
19787
19791
19795
19799
19803
19807
19811
19815
19819
.
Verificando processos ativos...
19567
19571
19575
19579
19583
19587
19591
19595
19599
19607
19611
19619
19623
19627
19631
19635
19639
19643
19651
19655
19659
19663
19667
19671
19675
19679
19683
19687
19691
19695
19699
19703
19707
19711
19715
19719
19723
19727
19731
19735
19739
19743
19751
19755
19759
19763
19767
19771
19775
19779
19783
19787
19791
19795
19799
19803
19807
19811
19815
19819
.
Verificando processos ativos...
19567
19571
19575
19579
19583
19587
19591
19595
19599
19607
19611
19619
19623
19627
19631
19635
19639
19643
19651
19655
19659
19663
19667
19671
19675
19679
19683
19687
19691
19695
19699
19703
19707
19711
19715
19719
19723
19727
19731
19735
19739
19743
19751
19755
19759
19763
19767
19771
19775
19779
19783
19787
19791
19795
19799
19803
19807
19811
19815
19819
.
Verificando processos ativos...
19567
19571
19575
19579
19583
19587
19591
19595
19599
19607
19611
19619
19623
19627
19631
19635
19639
19643
19651
19655
19659
19663
19667
19671
19675
19679
19683
19687
19691
19695
19699
19703
19707
19711
19715
19719
19723
19727
19731
19735
19739
19743
19751
19755
19759
19763
19767
19771
19775
19779
19783
19787
19791
19795
19799
19803
19807
19811
19815
19819
.
Verificando processos ativos...
19567
19571
19575
19579
19583
19587
19591
19595
19599
19607
19611
19619
19623
19627
19631
19635
19639
19643
19651
19655
19659
19663
19667
19671
19675
19679
19683
19687
19691
19695
19699
19703
19707
19711
19715
19719
19723
19727
19731
19735
19739
19743
19751
19755
19759
19763
19767
19771
19775
19779
19783
19787
19791
19795
19799
19803
19807
19811
19815
19819
.
Verificando processos ativos...
19567
19571
19575
19579
19583
19587
19591
19595
19599
19607
19611
19619
19623
19627
19631
19635
19639
19643
19651
19655
19659
19663
19667
19671
19675
19679
19683
19687
19691
19695
19699
19703
19707
19711
19715
19719
19723
19727
19731
19735
19739
19743
19751
19755
19759
19763
19767
19771
19775
19779
19783
19787
19791
19795
19799
19803
19807
19811
19815
19819
.
Verificando processos ativos...
19567
19571
19575
19579
19583
19587
19591
19595
19599
19607
19611
19619
19623
19627
19631
19635
19639
19643
19651
19655
19659
19663
19667
19671
19675
19679
19683
19687
19691
19695
19699
19703
19707
19711
19715
19719
19723
19727
19731
19735
19739
19743
19751
19755
19759
19763
19767
19771
19775
19779
19783
19787
19791
19795
19799
19803
19807
19811
19815
19819
.
Verificando processos ativos...
19567
19571
19575
19579
19583
19587
19591
19595
19599
19607
19611
19619
19623
19627
19631
19635
19639
19643
19651
19655
19659
19663
19667
19671
19675
19679
19683
19687
19691
19695
19699
19703
19707
19711
19715
19719
19723
19727
19731
19735
19739
19743
19751
19755
19759
19763
19767
19771
19775
19779
19783
19787
19791
19795
19799
19803
19807
19811
19815
19819
.
Verificando processos ativos...
19567
19571
19575
19579
19583
19587
19591
19595
19599
19607
19611
19619
19623
19627
19631
19635
19639
19643
19651
19655
19659
19663
19667
19671
19675
19679
19687
19691
19695
19699
19703
19707
19711
19715
19719
19723
19727
19731
19735
19739
19743
19751
19755
19759
19763
19767
19771
19775
19779
19783
19787
19791
19795
19799
19803
19807
19811
19815
19819
.
Verificando processos ativos...
19567
19571
19575
19579
19583
19587
19591
19595
19599
19607
19611
19619
19623
19627
19631
19635
19639
19643
19651
19655
19659
19663
19667
19671
19675
19679
19687
19691
19695
19699
19703
19707
19711
19715
19719
19723
19727
19731
19735
19739
19743
19751
19755
19759
19763
19767
19771
19775
19779
19783
19787
19791
19795
19799
19803
19807
19811
19815
19819
.
Verificando processos ativos...
19567
19571
19575
19579
19583
19587
19591
19595
19599
19607
19611
19619
19623
19627
19631
19635
19639
19643
19651
19655
19659
19663
19667
19671
19675
19679
19687
19691
19695
19699
19703
19707
19711
19715
19719
19723
19727
19731
19735
19739
19743
19751
19755
19759
19763
19767
19771
19775
19779
19783
19787
19791
19795
19799
19803
19807
19811
19815
19819
.
Verificando processos ativos...
19567
19571
19575
19579
19583
19587
19591
19595
19599
19607
19611
19619
19623
19627
19631
19635
19639
19643
19651
19655
19659
19663
19667
19671
19675
19679
19687
19691
19695
19699
19703
19707
19711
19715
19719
19723
19727
19731
19735
19739
19743
19751
19755
19759
19763
19767
19771
19775
19779
19783
19787
19791
19795
19799
19803
19807
19811
19815
19819
.
Verificando processos ativos...
19567
19571
19575
19579
19583
19587
19591
19595
19599
19607
19611
19619
19623
19627
19631
19635
19639
19643
19651
19655
19659
19663
19667
19671
19675
19679
19687
19691
19695
19699
19703
19707
19711
19715
19719
19723
19727
19731
19735
19739
19743
19751
19755
19759
19763
19767
19771
19775
19779
19783
19787
19791
19795
19799
19803
19807
19811
19815
19819
.
Verificando processos ativos...
19567
19571
19575
19579
19583
19587
19591
19595
19599
19607
19611
19619
19623
19627
19631
19635
19639
19643
19651
19655
19659
19663
19667
19671
19675
19679
19687
19691
19695
19699
19703
19707
19711
19715
19719
19723
19727
19731
19735
19739
19743
19751
19755
19759
19763
19767
19771
19775
19779
19783
19787
19791
19795
19799
19803
19807
19811
19815
19819
.
Verificando processos ativos...
19567
19571
19575
19579
19583
19587
19591
19595
19599
19607
19611
19619
19623
19627
19631
19635
19639
19643
19651
19655
19659
19663
19667
19671
19675
19679
19687
19691
19695
19699
19703
19707
19711
19715
19719
19723
19727
19731
19735
19739
19743
19751
19755
19759
19763
19767
19771
19775
19779
19783
19787
19791
19795
19799
19803
19807
19811
19815
19819
.
Verificando processos ativos...
19567
19571
19575
19579
19583
19587
19591
19595
19599
19607
19611
19619
19623
19627
19631
19635
19639
19643
19651
19655
19659
19663
19667
19671
19675
19679
19687
19691
19695
19699
19703
19707
19711
19715
19719
19723
19727
19731
19735
19739
19743
19751
19755
19759
19763
19767
19771
19775
19779
19783
19787
19791
19795
19799
19803
19807
19811
19815
19819
.
Verificando processos ativos...
19567
19571
19575
19579
19583
19587
19591
19595
19599
19607
19611
19619
19623
19627
19631
19635
19639
19643
19651
19655
19659
19663
19667
19671
19675
19679
19687
19691
19695
19699
19703
19707
19711
19715
19719
19723
19727
19731
19735
19739
19743
19751
19755
19759
19763
19767
19771
19775
19779
19783
19787
19791
19795
19799
19803
19807
19811
19815
19819
.
Verificando processos ativos...
19567
19571
19575
19579
19583
19587
19591
19595
19599
19607
19611
19619
19623
19627
19631
19635
19639
19643
19651
19655
19659
19663
19667
19671
19675
19679
19687
19691
19695
19699
19703
19707
19711
19715
19719
19723
19727
19731
19735
19739
19743
19751
19755
19759
19763
19767
19771
19775
19779
19783
19787
19791
19795
19799
19803
19807
19811
19815
19819
.
Verificando processos ativos...
19567
19571
19575
19579
19583
19587
19591
19595
19599
19607
19611
19619
19623
19627
19631
19635
19639
19643
19651
19655
19659
19663
19667
19671
19675
19679
19687
19691
19695
19699
19703
19707
19711
19715
19719
19723
19727
19731
19735
19739
19743
19751
19755
19759
19763
19767
19771
19775
19779
19783
19787
19791
19795
19799
19803
19807
19811
19815
19819
.
Verificando processos ativos...
19567
19571
19575
19579
19583
19587
19591
19595
19599
19607
19611
19619
19623
19627
19631
19635
19639
19643
19651
19655
19659
19663
19667
19671
19675
19679
19687
19691
19695
19699
19703
19707
19711
19715
19719
19723
19727
19731
19735
19739
19743
19751
19755
19759
19763
19767
19771
19775
19779
19783
19787
19791
19795
19799
19803
19807
19811
19815
19819
.
Verificando processos ativos...
19567
19571
19575
19579
19583
19587
19591
19595
19599
19607
19611
19619
19623
19627
19631
19635
19639
19643
19651
19655
19659
19663
19667
19671
19675
19687
19691
19695
19699
19703
19707
19711
19715
19719
19723
19727
19731
19735
19739
19743
19751
19755
19759
19763
19767
19771
19775
19779
19783
19787
19791
19795
19799
19803
19807
19811
19815
19819
.
Verificando processos ativos...
19567
19571
19575
19579
19583
19587
19591
19595
19599
19607
19611
19619
19623
19627
19631
19635
19639
19643
19651
19655
19659
19663
19667
19671
19675
19687
19691
19695
19699
19703
19707
19711
19715
19719
19723
19727
19731
19735
19739
19743
19751
19755
19759
19763
19767
19771
19775
19779
19783
19787
19791
19795
19799
19803
19807
19811
19815
19819
.
Verificando processos ativos...
19567
19571
19575
19579
19583
19587
19591
19595
19599
19607
19611
19619
19623
19627
19631
19635
19639
19643
19651
19655
19659
19663
19667
19671
19675
19687
19691
19695
19699
19703
19707
19711
19715
19719
19723
19727
19731
19735
19739
19743
19751
19755
19759
19763
19767
19771
19775
19779
19783
19787
19791
19795
19799
19803
19807
19811
19815
19819
.
Verificando processos ativos...
19567
19571
19575
19579
19583
19587
19591
19595
19599
19607
19611
19619
19623
19627
19631
19635
19639
19643
19651
19655
19659
19663
19667
19671
19675
19687
19691
19695
19699
19703
19707
19711
19715
19719
19723
19727
19731
19735
19739
19743
19751
19755
19759
19763
19767
19771
19775
19779
19783
19787
19791
19795
19799
19803
19807
19811
19815
19819
.
Verificando processos ativos...
19567
19571
19575
19579
19583
19587
19591
19595
19599
19607
19611
19619
19623
19627
19631
19635
19639
19643
19651
19655
19659
19663
19667
19671
19675
19687
19691
19699
19703
19707
19711
19715
19719
19723
19727
19731
19735
19739
19743
19751
19755
19759
19763
19767
19771
19775
19779
19783
19787
19791
19795
19799
19803
19807
19811
19815
19819
.
Verificando processos ativos...
19567
19571
19575
19579
19583
19587
19591
19595
19599
19607
19611
19619
19623
19627
19631
19635
19639
19643
19651
19655
19659
19663
19667
19671
19675
19687
19691
19699
19703
19707
19711
19715
19719
19723
19727
19731
19735
19739
19743
19751
19755
19759
19763
19767
19771
19775
19779
19783
19787
19791
19795
19799
19803
19807
19811
19815
19819
.
Verificando processos ativos...
19567
19571
19575
19579
19583
19587
19591
19595
19599
19607
19611
19619
19623
19627
19631
19635
19639
19643
19651
19655
19659
19663
19667
19671
19675
19687
19691
19699
19703
19707
19711
19715
19719
19723
19727
19731
19735
19739
19743
19751
19755
19759
19763
19767
19771
19775
19779
19783
19787
19791
19795
19799
19803
19807
19811
19815
19819
.
Verificando processos ativos...
19567
19571
19575
19579
19583
19587
19591
19595
19599
19607
19611
19619
19623
19627
19631
19635
19639
19643
19651
19655
19659
19663
19667
19671
19675
19687
19691
19699
19703
19707
19711
19715
19719
19723
19727
19731
19735
19739
19743
19751
19755
19759
19763
19767
19771
19775
19779
19783
19787
19791
19795
19799
19803
19807
19811
19815
19819
.
Verificando processos ativos...
19567
19571
19575
19579
19583
19587
19591
19595
19599
19607
19611
19619
19623
19627
19631
19635
19639
19643
19651
19655
19659
19663
19667
19671
19675
19687
19691
19699
19703
19707
19711
19715
19719
19723
19727
19731
19735
19739
19743
19751
19755
19759
19763
19767
19771
19775
19779
19783
19787
19791
19795
19799
19803
19807
19811
19815
19819
.
Verificando processos ativos...
19567
19571
19575
19579
19583
19587
19591
19595
19599
19607
19611
19619
19623
19627
19631
19635
19639
19643
19651
19655
19659
19663
19667
19671
19675
19687
19691
19699
19703
19707
19711
19715
19719
19723
19727
19731
19735
19739
19743
19751
19755
19759
19763
19767
19771
19775
19779
19783
19787
19791
19795
19799
19803
19807
19811
19815
19819
.
Verificando processos ativos...
19567
19571
19575
19579
19583
19587
19591
19595
19599
19607
19611
19619
19623
19627
19631
19635
19639
19643
19651
19655
19659
19663
19667
19671
19675
19687
19691
19699
19703
19707
19711
19715
19719
19723
19727
19731
19735
19739
19743
19751
19755
19759
19763
19767
19771
19775
19779
19783
19787
19791
19795
19799
19803
19807
19811
19815
19819
.
Verificando processos ativos...
19567
19571
19575
19579
19583
19587
19591
19595
19599
19607
19611
19619
19623
19627
19631
19635
19639
19643
19651
19655
19659
19663
19667
19671
19675
19687
19691
19699
19703
19707
19711
19715
19719
19723
19727
19731
19735
19739
19743
19751
19755
19759
19763
19767
19771
19775
19779
19783
19787
19791
19795
19799
19803
19807
19811
19815
19819
.
Verificando processos ativos...
19567
19571
19575
19579
19583
19587
19591
19595
19599
19607
19611
19619
19623
19627
19631
19635
19639
19643
19651
19655
19659
19663
19667
19671
19675
19687
19691
19699
19703
19707
19711
19715
19719
19723
19727
19731
19735
19739
19743
19751
19755
19759
19763
19767
19771
19775
19779
19783
19787
19791
19795
19799
19803
19807
19811
19815
19819
.

Verificando processos ativos...
19567
19571
19575
19579
19583
19587
19591
19595
19599
19607
19611
19619
19623
19627
19631
19635
19639
19643
19651
19655
19659
19663
19667
19671
19675
19687
19691
19699
19703
19707
19711
19715
19719
19723
19727
19731
19735
19739
19743
19751
19755
19759
19763
19767
19771
19775
19779
19783
19787
19791
19795
19799
19803
19807
19811
19815
19819
.
Verificando processos ativos...
19567
19571
19575
19579
19583
19587
19591
19595
19599
19607
19611
19619
19623
19627
19631
19635
19639
19643
19651
19655
19659
19663
19667
19671
19675
19687
19691
19699
19703
19707
19711
19715
19719
19723
19727
19731
19735
19739
19743
19751
19755
19759
19763
19767
19771
19775
19779
19787
19791
19795
19799
19803
19807
19811
19815
19819
.
Verificando processos ativos...
19567
19571
19575
19579
19583
19587
19591
19595
19599
19607
19611
19619
19623
19627
19631
19635
19639
19643
19651
19655
19659
19663
19667
19671
19675
19687
19691
19699
19703
19707
19711
19715
19719
19723
19727
19731
19735
19739
19743
19751
19755
19759
19763
19767
19771
19775
19779
19787
19791
19795
19799
19803
19807
19811
19815
19819
.
Verificando processos ativos...
19567
19571
19575
19579
19583
19587
19591
19595
19599
19607
19611
19619
19623
19627
19631
19635
19639
19643
19651
19655
19659
19663
19667
19671
19675
19687
19691
19699
19703
19707
19711
19715
19719
19723
19727
19731
19735
19739
19743
19751
19755
19759
19763
19767
19771
19775
19779
19791
19795
19799
19803
19807
19811
19815
19819
.

Verificando processos ativos...
19567
19571
19575
19579
19583
19587
19591
19595
19599
19607
19611
19619
19623
19627
19631
19635
19639
19643
19651
19655
19659
19663
19667
19671
19675
19687
19691
19699
19703
19707
19711
19715
19719
19723
19727
19731
19735
19739
19743
19751
19755
19759
19763
19767
19771
19775
19779
19791
19795
19799
19803
19807
19811
19815

19819
.
Verificando processos ativos...
19567
19571
19575
19579
19583
19587
19591
19595
19599
19607
19611
19619
19623
19627
19631
19635
19639
19643
19651
19655
19659
19663
19667
19671
19675
19687
19691
19699
19703
19707
19711
19715
19719
19723
19727
19731
19735
19739
19743
19751
19755
19759
19763
19767
19771
19775
19791
19795
19799
19803
19807
19811
19815
19819
.
Verificando processos ativos...
19567
19571
19575
19579
19583
19587
19591
19595
19599
19607
19611
19619
19623
19627
19631
19635
19639
19643
19651
19655
19659
19663
19667
19671
19675
19687
19691
19699
19703
19707
19711
19715
19719
19723
19727
19731
19735
19739
19743
19751
19755
19759
19763
19767
19771
19791
19795
19799
19803
19807
19811
19815
19819
.

Verificando processos ativos...
19567
19571
19575
19579
19583
19587
19591
19595
19599
19607
19611
19619
19623
19627
19631
19635
19639
19643
19651
19655
19659
19663
19667
19671
19675
19687
19691
19699
19703
19707
19711
19715
19719
19723
19727
19731
19735
19739
19743
19751
19755
19759
19763
19767
19771
19791
19795
19799
19803
19807
19811
19815
19819
.

Verificando processos ativos...
19567
19571
19575
19579
19583
19587
19591
19595
19599
19607
19611
19619
19623
19627
19631
19635
19639
19643
19651
19655
19659
19663
19667
19671
19675
19687
19691
19699
19703
19707
19711
19715
19719
19723
19727
19731
19735
19739
19743
19751
19755
19759
19763
19767
19791
19795
19799
19803
19807
19811
19815
19819
.
Verificando processos ativos...
19567
19571
19575
19579
19583
19587
19591
19595
19599
19607
19611
19619
19623
19627
19631
19635
19639
19643
19651
19655
19659
19663
19667
19671
19675
19687
19691
19699
19703
19707
19711
19715
19719
19723
19727
19731
19735
19739
19743
19751
19755
19759
19763
19767
19795
19799
19803
19807
19811
19815
19819
.

Verificando processos ativos...
19567
19571
19575
19579
19583
19587
19591
19595
19599
19607
19611
19619
19623
19627
19631
19635
19639
19643
19651
19655
19659
19663
19667
19671
19675
19687
19691
19699
19703
19707
19711
19715
19719
19723
19727
19731
19735
19739
19743
19751
19755
19759
19763
19767
19795
19799
19803
19807
19811
19815
19819
.

Verificando processos ativos...
19567
19575
19579
19583
19587
19591
19595
19599
19607
19611
19619
19623
19627
19631
19635
19639
19643
19651
19655
19659
19663
19667
19671
19675
19687
19691
19699
19703
19707
19711
19715
19719
19723
19727
19731
19735
19739
19743
19751
19755
19759
19763
19767
19795
19799
19803
19807
19811
19815
19819
.
Verificando processos ativos...
19567
19575
19579
19583
19587
19591
19595
19599
19607
19611
19619
19623
19627
19631
19635
19639
19643
19651
19655
19659
19663
19667
19671
19675
19687
19691
19699
19703
19707
19711
19715
19719
19723
19727
19731
19735
19739
19743
19751
19755
19759
19763
19767
19795
19799
19803
19807
19811
19815
19819
.

Verificando processos ativos...
19567
19575
19579
19583
19587
19591
19595
19599
19607
19611
19619
19623
19627
19631
19635
19639
19643
19651
19655
19659
19663
19667
19671
19675
19687
19691
19699
19703
19707
19711
19715
19719
19723
19727
19731
19735
19739
19743
19751
19755
19759
19763
19767
19795
19799
19803
19807
19811
19815
19819
.
Verificando processos ativos...
19567
19575
19579
19583
19587
19591
19595
19599
19607
19611
19619
19623
19627
19631
19635
19639
19643
19651
19655
19659
19663
19667
19671
19675
19687
19691
19699
19703
19707
19711
19715
19719
19723
19727
19731
19735
19739
19743
19751
19759
19763
19767
19795
19799
19803
19807
19811
19815
19819
.


Verificando processos ativos...
19567
19575
19579
19583
19587
19591
19595
19599
19607
19611
19619
19623
19627
19631
19635
19639
19643
19651
19655
19659
19663
19667
19671
19675
19687
19691
19699
19703
19707
19711
19715
19719
19723
19727
19731
19735
19739
19743
19751
19759
19763
19767
19795
19799
19803
19807
19811
19815
19819
.

Verificando processos ativos...
19567
19575
19579
19583
19587
19591
19595
19599
19607
19611
19619
19623
19627
19631
19635
19639
19643
19651
19655
19659
19663
19667
19671
19675
19687
19691
19699
19703
19707
19711
19715
19719
19723
19727
19731
19735
19739
19743
19763
19767
19795
19799
19803
19807
19811
19815
19819
.

Verificando processos ativos...
19567
19575
19579
19583
19587
19591
19595
19599
19607
19611
19619
19623
19627
19631
19635
19639
19643
19651
19655
19659
19663
19667
19671
19675
19687
19691
19699
19703
19707
19711
19715
19719
19723
19727
19731
19735
19739
19743
19763
19795
19799
19803
19807
19811
19815
19819

.
Verificando processos ativos...
19567
19575
19583
19587
19591
19595
19599
19607
19611
19619
19623
19627
19631
19635
19639
19643
19651
19655
19659
19663
19667
19671
19675
19687
19691
19699
19703
19707
19711
19715
19719
19723
19727
19731
19735
19739
19743
19763
19795
19799
19803
19807
19811
19815
19819
.
Verificando processos ativos...
19567
19575
19583
19591
19595
19599
19607
19611
19619
19623
19627
19631
19635
19639
19643
19651
19655
19659
19663
19667
19671
19675
19687
19691
19699
19703
19707
19711
19715
19719
19723
19727
19731
19735
19739
19743
19763
19795
19799
19803
19807
19811
19815
19819
.



Verificando processos ativos...
19567
19575
19583
19591
19595
19599
19607
19611
19619
19623
19627
19631
19635
19639
19643
19651
19655
19659
19663
19667
19671
19675
19687
19691
19699
19703
19707
19711
19715
19719
19723
19727
19731
19735
19739
19743
19763
19795
19799
19803
19807
19811
19815
19819
.

Verificando processos ativos...
19567
19575
19583
19591
19595
19599
19607
19611
19619
19623
19627
19631
19635
19639
19643
19651
19655
19659
19663
19667
19671
19675
19687
19699
19703
19707
19711
19715
19719
19723
19727
19731
19735
19739
19743
19799
19803
19807
19811
19815
19819
.

Verificando processos ativos...
19567
19575
19583
19591
19595
19599
19607
19611
19619
19623
19627
19631
19635
19639
19643
19651
19655
19659
19663
19667
19671
19675
19687
19699
19703
19707
19711
19715
19719
19723
19727
19731
19735
19739
19743
19799
19803
19807
19811
19815
19819
.
Verificando processos ativos...
19567
19575
19591
19595
19599
19607
19611
19619
19623
19627
19631
19635
19639
19643
19651
19655
19659
19663
19667
19671
19675
19687
19699
19703
19707
19711
19715
19719
19723
19727
19731
19735
19739
19743
19799
19803
19807
19811
19815
19819
.


Verificando processos ativos...
19567
19575
19591
19595
19599
19607
19611
19619
19623
19627
19631
19635
19639
19643
19651
19655
19659
19663
19667
19671
19675
19687
19699
19703
19707
19711
19715
19719
19723
19727
19731
19735
19739
19743
19799
19803
19807
19811
19815
19819
.




Verificando processos ativos...
19567
19575
19591
19595
19599
19607
19611
19619
19623
19627
19631
19635
19639
19643
19651
19655
19659
19663
19667
19671
19675
19699
19703
19707
19711
19715
19719
19723
19727
19731
19735
19739
19743
19799
19803
19807
19811
19815
19819
.


Verificando processos ativos...
19575
19591
19595
19599
19607
19611
19619
19623
19627
19631
19635
19639
19643
19651
19655

19659
19663
19667
19671
19699
19707
19711
19715
19719
19723
19727
19731
19735
19739
19743
19803
19807
19811
19815
19819
.

Verificando processos ativos...
19575
19591
19599
19607
19611
19619
19623
19627
19631
19635
19639
19643
19651
19655
19659
19663
19667
19671
19699
19707
19711
19715
19723
19727
19731
19735
19739
19743
19803
19807
19811
19815
.

Verificando processos ativos...
19575
19591
19599
19607
19611
19619
19623
19627
19631
19635
19639
19643
19651
19655
19659
19663
19667
19671
19699
19707
19711
19715
19723
19727
19735
19739
19743
19803
19807
19811
19815
.






Verificando processos ativos...
19575
19591
19599
19607
19611
19619
19623
19627
19631
19635
19639
19643
19651
19655
19659
19663
19667
19671
19707
19711
19715
19723
19727
19735
19739
19743
19803
19807
19811
19815
.




Verificando processos ativos...
19575
19599
19611
19619
19623
19627
19631
19635
19639
19643
19651
19655
19659
19663
19667
19707
19711
19715
19723
19735
19743
19803
19807
19811
19815
.


Verificando processos ativos...
19611
19619
19623
19627
19631
19635
19639
19643
19651
19655
19659
19663
19667
19707
19711
19715
19723
19735
19807
19811
19815
.
Verificando processos ativos...
19611
19619
19623
19627
19631
19635
19639
19643
19651
19655
19659
19663
19667
19707
19711
19723
19735
19807
19811
19815
.





Verificando processos ativos...
19611
19619
19623
19627
19631
19635
19639
19643
19651
19655
19659
19663
19667
19707
19711
19723
19735
19807
19811
19815
.




Verificando processos ativos...
19611
19619
19623
19627
19631
19635
19639
19643
19651

19655
19707
19711
19807
19811
19815
.


Verificando processos ativos...
19611
19619
19623
19627

19631
19635
19639
19651
19807
19811
19815
.




 bad CRC 05cd26bc  (should be 6395c473)
Verificando processos ativos...
19611
19619
19627
19635
19639
19807
19811

19815
.
Verificando processos ativos...
19627
19639
19807
19811
.

Verificando processos ativos...
19627
19639
19807
19811
.
Verificando processos ativos...
19627
19639
19811
.
Verificando processos ativos...
19627
19639
19811

.


Verificando processos ativos...
19627
19639
Processo de copia Finalizado
Wed Jul 11 16:29:50 UTC 2018
