Wed Jul 11 16:31:17 UTC 2018
Limpando hadoop
18/07/11 16:31:26 INFO gcs.GoogleHadoopFileSystemBase: GHFS version: 1.6.7-hadoop2
Deleted /input
18/07/11 16:31:29 INFO gcs.GoogleHadoopFileSystemBase: GHFS version: 1.6.7-hadoop2
18/07/11 16:31:31 INFO gcs.GoogleHadoopFileSystemBase: GHFS version: 1.6.7-hadoop2
Copiando arquivos para o HDFS
Copiando 201301_BolsaFamilia_Pagamentos.csv
18/07/11 16:31:34 INFO gcs.GoogleHadoopFileSystemBase: GHFS version: 1.6.7-hadoop2
Copiando 201302_BolsaFamilia_Pagamentos.csv
18/07/11 16:31:55 INFO gcs.GoogleHadoopFileSystemBase: GHFS version: 1.6.7-hadoop2
Copiando 201303_BolsaFamilia_Pagamentos.csv
18/07/11 16:33:23 INFO gcs.GoogleHadoopFileSystemBase: GHFS version: 1.6.7-hadoop2
Copiando 201304_BolsaFamilia_Pagamentos.csv
18/07/11 16:34:53 INFO gcs.GoogleHadoopFileSystemBase: GHFS version: 1.6.7-hadoop2
Copiando 201305_BolsaFamilia_Pagamentos.csv
18/07/11 16:36:21 INFO gcs.GoogleHadoopFileSystemBase: GHFS version: 1.6.7-hadoop2
Copiando 201306_BolsaFamilia_Pagamentos.csv
18/07/11 16:37:50 INFO gcs.GoogleHadoopFileSystemBase: GHFS version: 1.6.7-hadoop2
Copiando 201307_BolsaFamilia_Pagamentos.csv
18/07/11 16:39:18 INFO gcs.GoogleHadoopFileSystemBase: GHFS version: 1.6.7-hadoop2
Copiando 201308_BolsaFamilia_Pagamentos.csv
18/07/11 16:40:47 INFO gcs.GoogleHadoopFileSystemBase: GHFS version: 1.6.7-hadoop2
Copiando 201309_BolsaFamilia_Pagamentos.csv
18/07/11 16:42:16 INFO gcs.GoogleHadoopFileSystemBase: GHFS version: 1.6.7-hadoop2
Copiando 201310_BolsaFamilia_Pagamentos.csv
18/07/11 16:43:46 INFO gcs.GoogleHadoopFileSystemBase: GHFS version: 1.6.7-hadoop2
Copiando 201311_BolsaFamilia_Pagamentos.csv
18/07/11 16:45:16 INFO gcs.GoogleHadoopFileSystemBase: GHFS version: 1.6.7-hadoop2
Copiando 201312_BolsaFamilia_Pagamentos.csv
18/07/11 16:46:48 INFO gcs.GoogleHadoopFileSystemBase: GHFS version: 1.6.7-hadoop2
Copiando 201401_BolsaFamilia_Pagamentos.csv
18/07/11 16:48:20 INFO gcs.GoogleHadoopFileSystemBase: GHFS version: 1.6.7-hadoop2
Copiando 201402_BolsaFamilia_Pagamentos.csv
18/07/11 16:49:51 INFO gcs.GoogleHadoopFileSystemBase: GHFS version: 1.6.7-hadoop2
Copiando 201403_BolsaFamilia_Pagamentos.csv
18/07/11 16:51:22 INFO gcs.GoogleHadoopFileSystemBase: GHFS version: 1.6.7-hadoop2
Copiando 201404_BolsaFamilia_Pagamentos.csv
18/07/11 16:52:53 INFO gcs.GoogleHadoopFileSystemBase: GHFS version: 1.6.7-hadoop2
Copiando 201405_BolsaFamilia_Pagamentos.csv
18/07/11 16:54:24 INFO gcs.GoogleHadoopFileSystemBase: GHFS version: 1.6.7-hadoop2
Copiando 201406_BolsaFamilia_Pagamentos.csv
18/07/11 16:55:55 INFO gcs.GoogleHadoopFileSystemBase: GHFS version: 1.6.7-hadoop2
Copiando 201407_BolsaFamilia_Pagamentos.csv
18/07/11 16:57:25 INFO gcs.GoogleHadoopFileSystemBase: GHFS version: 1.6.7-hadoop2
Copiando 201408_BolsaFamilia_Pagamentos.csv
18/07/11 16:58:58 INFO gcs.GoogleHadoopFileSystemBase: GHFS version: 1.6.7-hadoop2
Copiando 201409_BolsaFamilia_Pagamentos.csv
18/07/11 17:00:28 INFO gcs.GoogleHadoopFileSystemBase: GHFS version: 1.6.7-hadoop2
Copiando 201410_BolsaFamilia_Pagamentos.csv
18/07/11 17:01:59 INFO gcs.GoogleHadoopFileSystemBase: GHFS version: 1.6.7-hadoop2
Copiando 201411_BolsaFamilia_Pagamentos.csv
18/07/11 17:03:29 INFO gcs.GoogleHadoopFileSystemBase: GHFS version: 1.6.7-hadoop2
Copiando 201412_BolsaFamilia_Pagamentos.csv
18/07/11 17:05:00 INFO gcs.GoogleHadoopFileSystemBase: GHFS version: 1.6.7-hadoop2
Copiando 201501_BolsaFamilia_Pagamentos.csv
18/07/11 17:06:30 INFO gcs.GoogleHadoopFileSystemBase: GHFS version: 1.6.7-hadoop2
Copiando 201502_BolsaFamilia_Pagamentos.csv
18/07/11 17:08:00 INFO gcs.GoogleHadoopFileSystemBase: GHFS version: 1.6.7-hadoop2
Copiando 201503_BolsaFamilia_Pagamentos.csv
18/07/11 17:09:30 INFO gcs.GoogleHadoopFileSystemBase: GHFS version: 1.6.7-hadoop2
Copiando 201504_BolsaFamilia_Pagamentos.csv
18/07/11 17:11:00 INFO gcs.GoogleHadoopFileSystemBase: GHFS version: 1.6.7-hadoop2
Copiando 201505_BolsaFamilia_Pagamentos.csv
18/07/11 17:12:29 INFO gcs.GoogleHadoopFileSystemBase: GHFS version: 1.6.7-hadoop2
Copiando 201506_BolsaFamilia_Pagamentos.csv
18/07/11 17:13:57 INFO gcs.GoogleHadoopFileSystemBase: GHFS version: 1.6.7-hadoop2
Copiando 201507_BolsaFamilia_Pagamentos.csv
18/07/11 17:15:25 INFO gcs.GoogleHadoopFileSystemBase: GHFS version: 1.6.7-hadoop2
Copiando 201508_BolsaFamilia_Pagamentos.csv
18/07/11 17:16:54 INFO gcs.GoogleHadoopFileSystemBase: GHFS version: 1.6.7-hadoop2
Copiando 201509_BolsaFamilia_Pagamentos.csv
18/07/11 17:18:23 INFO gcs.GoogleHadoopFileSystemBase: GHFS version: 1.6.7-hadoop2
Copiando 201510_BolsaFamilia_Pagamentos.csv
18/07/11 17:19:52 INFO gcs.GoogleHadoopFileSystemBase: GHFS version: 1.6.7-hadoop2
Copiando 201511_BolsaFamilia_Pagamentos.csv
18/07/11 17:21:22 INFO gcs.GoogleHadoopFileSystemBase: GHFS version: 1.6.7-hadoop2
Copiando 201512_BolsaFamilia_Pagamentos.csv
18/07/11 17:22:51 INFO gcs.GoogleHadoopFileSystemBase: GHFS version: 1.6.7-hadoop2
Copiando 201601_BolsaFamilia_Pagamentos.csv
18/07/11 17:24:20 INFO gcs.GoogleHadoopFileSystemBase: GHFS version: 1.6.7-hadoop2
Copiando 201602_BolsaFamilia_Pagamentos.csv
18/07/11 17:25:50 INFO gcs.GoogleHadoopFileSystemBase: GHFS version: 1.6.7-hadoop2
Copiando 201603_BolsaFamilia_Pagamentos.csv
18/07/11 17:27:20 INFO gcs.GoogleHadoopFileSystemBase: GHFS version: 1.6.7-hadoop2
Copiando 201604_BolsaFamilia_Pagamentos.csv
18/07/11 17:28:49 INFO gcs.GoogleHadoopFileSystemBase: GHFS version: 1.6.7-hadoop2
Copiando 201605_BolsaFamilia_Pagamentos.csv
18/07/11 17:30:19 INFO gcs.GoogleHadoopFileSystemBase: GHFS version: 1.6.7-hadoop2
Copiando 201606_BolsaFamilia_Pagamentos.csv
18/07/11 17:31:48 INFO gcs.GoogleHadoopFileSystemBase: GHFS version: 1.6.7-hadoop2
Copiando 201607_BolsaFamilia_Pagamentos.csv
18/07/11 17:33:16 INFO gcs.GoogleHadoopFileSystemBase: GHFS version: 1.6.7-hadoop2
Copiando 201608_BolsaFamilia_Pagamentos.csv
18/07/11 17:34:46 INFO gcs.GoogleHadoopFileSystemBase: GHFS version: 1.6.7-hadoop2
Copiando 201609_BolsaFamilia_Pagamentos.csv
18/07/11 17:36:15 INFO gcs.GoogleHadoopFileSystemBase: GHFS version: 1.6.7-hadoop2
Copiando 201610_BolsaFamilia_Pagamentos.csv
18/07/11 17:37:45 INFO gcs.GoogleHadoopFileSystemBase: GHFS version: 1.6.7-hadoop2
Copiando 201611_BolsaFamilia_Pagamentos.csv
18/07/11 17:39:14 INFO gcs.GoogleHadoopFileSystemBase: GHFS version: 1.6.7-hadoop2
Copiando 201612_BolsaFamilia_Pagamentos.csv
18/07/11 17:40:41 INFO gcs.GoogleHadoopFileSystemBase: GHFS version: 1.6.7-hadoop2
Copiando 201701_BolsaFamilia_Pagamentos.csv
18/07/11 17:42:08 INFO gcs.GoogleHadoopFileSystemBase: GHFS version: 1.6.7-hadoop2
Copiando 201702_BolsaFamilia_Pagamentos.csv
18/07/11 17:43:36 INFO gcs.GoogleHadoopFileSystemBase: GHFS version: 1.6.7-hadoop2
Copiando 201703_BolsaFamilia_Pagamentos.csv
18/07/11 17:45:04 INFO gcs.GoogleHadoopFileSystemBase: GHFS version: 1.6.7-hadoop2
Copiando 201704_BolsaFamilia_Pagamentos.csv
18/07/11 17:46:31 INFO gcs.GoogleHadoopFileSystemBase: GHFS version: 1.6.7-hadoop2
Copiando 201705_BolsaFamilia_Pagamentos.csv
18/07/11 17:47:58 INFO gcs.GoogleHadoopFileSystemBase: GHFS version: 1.6.7-hadoop2
Copiando 201706_BolsaFamilia_Pagamentos.csv
18/07/11 17:49:24 INFO gcs.GoogleHadoopFileSystemBase: GHFS version: 1.6.7-hadoop2
Copiando 201707_BolsaFamilia_Pagamentos.csv
18/07/11 17:50:49 INFO gcs.GoogleHadoopFileSystemBase: GHFS version: 1.6.7-hadoop2
Copiando 201708_BolsaFamilia_Pagamentos.csv
18/07/11 17:52:11 INFO gcs.GoogleHadoopFileSystemBase: GHFS version: 1.6.7-hadoop2
Copiando 201709_BolsaFamilia_Pagamentos.csv
18/07/11 17:53:39 INFO gcs.GoogleHadoopFileSystemBase: GHFS version: 1.6.7-hadoop2
Copiando 201710_BolsaFamilia_Pagamentos.csv
18/07/11 17:55:05 INFO gcs.GoogleHadoopFileSystemBase: GHFS version: 1.6.7-hadoop2
Copiando 201711_BolsaFamilia_Pagamentos.csv
18/07/11 17:56:32 INFO gcs.GoogleHadoopFileSystemBase: GHFS version: 1.6.7-hadoop2
Copiando 201712_BolsaFamilia_Pagamentos.csv
18/07/11 17:58:01 INFO gcs.GoogleHadoopFileSystemBase: GHFS version: 1.6.7-hadoop2
Copiando 201801_BolsaFamilia_Pagamentos.csv
18/07/11 17:59:30 INFO gcs.GoogleHadoopFileSystemBase: GHFS version: 1.6.7-hadoop2
Copiando 201802_BolsaFamilia_Pagamentos.csv
18/07/11 18:01:00 INFO gcs.GoogleHadoopFileSystemBase: GHFS version: 1.6.7-hadoop2
Copiando 201803_BolsaFamilia_Pagamentos.csv
18/07/11 18:02:31 INFO gcs.GoogleHadoopFileSystemBase: GHFS version: 1.6.7-hadoop2
Copiando 201804_BolsaFamilia_Pagamentos.csv
18/07/11 18:04:02 INFO gcs.GoogleHadoopFileSystemBase: GHFS version: 1.6.7-hadoop2
Copiando 201805_BolsaFamilia_Pagamentos.csv
18/07/11 18:05:31 INFO gcs.GoogleHadoopFileSystemBase: GHFS version: 1.6.7-hadoop2
copyFromLocal: `dados/201805_BolsaFamilia_Pagamentos.csv': No such file or directory
Copiando 201806_BolsaFamilia_Pagamentos.csv
18/07/11 18:05:33 INFO gcs.GoogleHadoopFileSystemBase: GHFS version: 1.6.7-hadoop2
copyFromLocal: `dados/201806_BolsaFamilia_Pagamentos.csv': No such file or directory
Copiando 201807_BolsaFamilia_Pagamentos.csv
18/07/11 18:05:35 INFO gcs.GoogleHadoopFileSystemBase: GHFS version: 1.6.7-hadoop2
copyFromLocal: `dados/201807_BolsaFamilia_Pagamentos.csv': No such file or directory
Copiando 201808_BolsaFamilia_Pagamentos.csv
18/07/11 18:05:38 INFO gcs.GoogleHadoopFileSystemBase: GHFS version: 1.6.7-hadoop2
copyFromLocal: `dados/201808_BolsaFamilia_Pagamentos.csv': No such file or directory
Copiando 201809_BolsaFamilia_Pagamentos.csv
18/07/11 18:05:40 INFO gcs.GoogleHadoopFileSystemBase: GHFS version: 1.6.7-hadoop2
copyFromLocal: `dados/201809_BolsaFamilia_Pagamentos.csv': No such file or directory
Copiando 201810_BolsaFamilia_Pagamentos.csv
18/07/11 18:05:42 INFO gcs.GoogleHadoopFileSystemBase: GHFS version: 1.6.7-hadoop2
copyFromLocal: `dados/201810_BolsaFamilia_Pagamentos.csv': No such file or directory
Copiando 201811_BolsaFamilia_Pagamentos.csv
18/07/11 18:05:44 INFO gcs.GoogleHadoopFileSystemBase: GHFS version: 1.6.7-hadoop2
copyFromLocal: `dados/201811_BolsaFamilia_Pagamentos.csv': No such file or directory
Copiando 201812_BolsaFamilia_Pagamentos.csv
18/07/11 18:05:47 INFO gcs.GoogleHadoopFileSystemBase: GHFS version: 1.6.7-hadoop2
copyFromLocal: `dados/201812_BolsaFamilia_Pagamentos.csv': No such file or directory
Copia para o hadoop finalizada
Wed Jul 11 18:05:48 UTC 2018
